Using pre-set license
Built from '2021.3/staging' branch; Version is '2021.3.10f1 (1c7d0df0160b) revision 1867021'; Using compiler version '192829333'; Build Type 'Release'
OS: 'Windows 7  (6.1.0) 64bit Ultimate' Language: 'ru' Physical Memory: 3998 MB
BatchMode: 1, IsHumanControllingUs: 0, StartBugReporterOnCrash: 0, Is64bit: 1, IsPro: 1

COMMAND LINE ARGUMENTS:
D:\Unit\Editor\Unity.exe
-adb2
-batchMode
-noUpm
-name
AssetImportWorker4
-projectPath
D:/unity/Xiphos/My project
-logFile
Logs/AssetImportWorker4.log
-srvPort
58272
Successfully changed project path to: D:/unity/Xiphos/My project
D:/unity/Xiphos/My project
[UnityMemory] Configuration Parameters - Can be set up in boot.config
    "memorysetup-bucket-allocator-granularity=16"
    "memorysetup-bucket-allocator-bucket-count=8"
    "memorysetup-bucket-allocator-block-size=33554432"
    "memorysetup-bucket-allocator-block-count=8"
    "memorysetup-main-allocator-block-size=16777216"
    "memorysetup-thread-allocator-block-size=16777216"
    "memorysetup-gfx-main-allocator-block-size=16777216"
    "memorysetup-gfx-thread-allocator-block-size=16777216"
    "memorysetup-cache-allocator-block-size=4194304"
    "memorysetup-typetree-allocator-block-size=2097152"
    "memorysetup-profiler-bucket-allocator-granularity=16"
    "memorysetup-profiler-bucket-allocator-bucket-count=8"
    "memorysetup-profiler-bucket-allocator-block-size=33554432"
    "memorysetup-profiler-bucket-allocator-block-count=8"
    "memorysetup-profiler-allocator-block-size=16777216"
    "memorysetup-profiler-editor-allocator-block-size=1048576"
    "memorysetup-temp-allocator-size-main=16777216"
    "memorysetup-job-temp-allocator-block-size=2097152"
    "memorysetup-job-temp-allocator-block-size-background=1048576"
    "memorysetup-job-temp-allocator-reduction-small-platforms=262144"
    "memorysetup-temp-allocator-size-background-worker=32768"
    "memorysetup-temp-allocator-size-job-worker=262144"
    "memorysetup-temp-allocator-size-preload-manager=33554432"
    "memorysetup-temp-allocator-size-nav-mesh-worker=65536"
    "memorysetup-temp-allocator-size-audio-worker=65536"
    "memorysetup-temp-allocator-size-cloud-worker=32768"
    "memorysetup-temp-allocator-size-gi-baking-worker=262144"
    "memorysetup-temp-allocator-size-gfx=262144"
Refreshing native plugins compatible for Editor in 1220.23 ms, found 3 plugins.
Preloading 0 native plugins for Editor in 0.00 ms.
Initialize engine version: 2021.3.10f1 (1c7d0df0160b)
[Subsystems] Discovering subsystems at path D:/Unit/Editor/Data/Resources/UnitySubsystems
[Subsystems] Discovering subsystems at path D:/unity/Xiphos/My project/Assets
GfxDevice: creating device client; threaded=0; jobified=0
d3d11: CreateDXGIFactory2(...) not found, fallbacking to CreateDXGIFactory1(...).
d3d11: QueryInterface(IDXGIFactory5) failed (80004002).
Direct3D:
    Version:  Direct3D 11.0 [level 11.0]
    Renderer: Intel(R) HD Graphics (ID=0x156)
    Vendor:   Intel
    VRAM:     1632 MB
    Driver:   10.18.10.5161
Initialize mono
Mono path[0] = 'D:/Unit/Editor/Data/Managed'
Mono path[1] = 'D:/Unit/Editor/Data/MonoBleedingEdge/lib/mono/unityjit-win32'
Mono config path = 'D:/Unit/Editor/Data/MonoBleedingEdge/etc'
Using monoOptions --debugger-agent=transport=dt_socket,embedding=1,server=y,suspend=n,address=127.0.0.1:56372
Begin MonoManager ReloadAssembly
Registering precompiled unity dll's ...
Register platform support module: D:/Unit/Editor/Data/PlaybackEngines/WindowsStandaloneSupport/UnityEditor.WindowsStandalone.Extensions.dll
Registered in 0.047061 seconds.
Native extension for WindowsStandalone target not found
Refreshing native plugins compatible for Editor in 1296.77 ms, found 3 plugins.
Preloading 0 native plugins for Editor in 0.00 ms.
Mono: successfully reloaded assembly
- Completed reload, in  4.324 seconds
Domain Reload Profiling:
	ReloadAssembly (4327ms)
		BeginReloadAssembly (626ms)
			ExecutionOrderSort (0ms)
			DisableScriptedObjects (0ms)
			BackupInstance (0ms)
			ReleaseScriptingObjects (0ms)
			CreateAndSetChildDomain (4ms)
		EndReloadAssembly (3051ms)
			LoadAssemblies (612ms)
			RebuildTransferFunctionScriptingTraits (0ms)
			SetupTypeCache (378ms)
			ReleaseScriptCaches (0ms)
			RebuildScriptCaches (286ms)
			SetupLoadedEditorAssemblies (2012ms)
				LogAssemblyErrors (0ms)
				InitializePlatformSupportModulesInManaged (99ms)
				SetLoadedEditorAssemblies (2ms)
				RefreshPlugins (1297ms)
				BeforeProcessingInitializeOnLoad (8ms)
				ProcessInitializeOnLoadAttributes (464ms)
				ProcessInitializeOnLoadMethodAttributes (141ms)
				AfterProcessingInitializeOnLoad (1ms)
				EditorAssembliesLoaded (1ms)
			ExecutionOrderSort2 (0ms)
			AwakeInstancesAfterBackupRestoration (0ms)
Platform modules already initialized, skipping
Registering precompiled user dll's ...
Registered in 0.031360 seconds.
Begin MonoManager ReloadAssembly
Symbol file LoadedFromMemory doesn't match image D:\unity\Xiphos\My project\Library\PackageCache\com.unity.visualscripting@1.7.8\Editor\VisualScripting.Core\Dependencies\YamlDotNet\Unity.VisualScripting.YamlDotNet.dll
Symbol file LoadedFromMemory doesn't match image D:\unity\Xiphos\My project\Library\PackageCache\com.unity.visualscripting@1.7.8\Editor\VisualScripting.Core\Dependencies\DotNetZip\Unity.VisualScripting.IonicZip.dll
Native extension for WindowsStandalone target not found
Refreshing native plugins compatible for Editor in 1.06 ms, found 3 plugins.
Preloading 0 native plugins for Editor in 0.00 ms.
Mono: successfully reloaded assembly
- Completed reload, in  3.255 seconds
Domain Reload Profiling:
	ReloadAssembly (3257ms)
		BeginReloadAssembly (423ms)
			ExecutionOrderSort (0ms)
			DisableScriptedObjects (19ms)
			BackupInstance (0ms)
			ReleaseScriptingObjects (0ms)
			CreateAndSetChildDomain (33ms)
		EndReloadAssembly (2449ms)
			LoadAssemblies (435ms)
			RebuildTransferFunctionScriptingTraits (0ms)
			SetupTypeCache (622ms)
			ReleaseScriptCaches (1ms)
			RebuildScriptCaches (136ms)
			SetupLoadedEditorAssemblies (1247ms)
				LogAssemblyErrors (0ms)
				InitializePlatformSupportModulesInManaged (10ms)
				SetLoadedEditorAssemblies (1ms)
				RefreshPlugins (1ms)
				BeforeProcessingInitializeOnLoad (208ms)
				ProcessInitializeOnLoadAttributes (873ms)
				ProcessInitializeOnLoadMethodAttributes (149ms)
				AfterProcessingInitializeOnLoad (4ms)
				EditorAssembliesLoaded (0ms)
			ExecutionOrderSort2 (0ms)
			AwakeInstancesAfterBackupRestoration (11ms)
Platform modules already initialized, skipping
========================================================================
Worker process is ready to serve import requests
Launched and connected shader compiler UnityShaderCompiler.exe after 0.09 seconds
Refreshing native plugins compatible for Editor in 1.16 ms, found 3 plugins.
Preloading 0 native plugins for Editor in 0.00 ms.
Unloading 3398 Unused Serialized files (Serialized files now loaded: 0)
Unloading 25 unused Assets / (88.3 KB). Loaded Objects now: 3875.
Memory consumption went from 127.4 MB to 127.3 MB.
Total: 219.323802 ms (FindLiveObjects: 207.905872 ms CreateObjectMapping: 0.468673 ms MarkObjects: 10.770938 ms  DeleteObjects: 0.174897 ms)

AssetImportParameters requested are different than current active one (requested -> active):
  custom:video-decoder-ogg-theora: a1e56fd34408186e4bbccfd4996cb3dc -> 
  custom:container-muxer-webm: aa71ff27fc2769a1b78a27578f13a17b -> 
  custom:container-demuxer-webm: 4f35f7cbe854078d1ac9338744f61a02 -> 
  custom:video-encoder-webm-vp8: eb34c28f22e8b96e1ab97ce403110664 -> 
  custom:audio-encoder-webm-vorbis: bf7c407c2cedff20999df2af8eb42d56 -> 
  custom:framework-win-MediaFoundation: 216162199b28c13a410421893ffa2e32 -> 
  custom:container-demuxer-ogg: 62fdf1f143b41e24485cea50d1cbac27 -> 
  custom:video-decoder-webm-vp8: 9c59270c3fd7afecdb556c50c9e8de78 -> 
  custom:audio-decoder-ogg-vorbis: bf7c407c2cedff20999df2af8eb42d56 -> 
========================================================================
Received Import Request.
  Time since last request: 48685.127602 seconds.
  path: Assets/InventoryMaster/Scripts/FirstPerson/FirstPersonController.cs
  artifactKey: Guid(0aaa262ffdd96c8468c4031059d07825) Importer(815301076,1909f56bfc062723c751e8b465ee728b)
Start importing Assets/InventoryMaster/Scripts/FirstPerson/FirstPersonController.cs using Guid(0aaa262ffdd96c8468c4031059d07825) Importer(815301076,1909f56bfc062723c751e8b465ee728b)  -> (artifact id: '05f16e75ee504a81dfc96b6d94d1a6c2') in 0.372573 seconds 
========================================================================
Received Import Request.
  Time since last request: 80.115607 seconds.
  path: Assets/InventoryMaster/Examples/Item(Clone).prefab
  artifactKey: Guid(e9d4c727231b94e4f94809c8236402c9) Importer(815301076,1909f56bfc062723c751e8b465ee728b)
Start importing Assets/InventoryMaster/Examples/Item(Clone).prefab using Guid(e9d4c727231b94e4f94809c8236402c9) Importer(815301076,1909f56bfc062723c751e8b465ee728b)  -> (artifact id: '0775dff3679265cfe2616b3c16cede1d') in 0.103210 seconds 
========================================================================
Received Import Request.
  Time since last request: 0.000045 seconds.
  path: Assets/InventoryMaster/Examples/New Terrain 1.asset
  artifactKey: Guid(837bd666e4ed1cd45a4f867f0b43646e) Importer(815301076,1909f56bfc062723c751e8b465ee728b)
Start importing Assets/InventoryMaster/Examples/New Terrain 1.asset using Guid(837bd666e4ed1cd45a4f867f0b43646e) Importer(815301076,1909f56bfc062723c751e8b465ee728b)  -> (artifact id: 'cae1651ef8bd89e59306abb295265146') in 0.306400 seconds 
========================================================================
Received Import Request.
  Time since last request: 0.000189 seconds.
  path: Assets/InventoryMaster/Examples/Player.prefab
  artifactKey: Guid(3788672b25e080b4d9feef1241604522) Importer(815301076,1909f56bfc062723c751e8b465ee728b)
Start importing Assets/InventoryMaster/Examples/Player.prefab using Guid(3788672b25e080b4d9feef1241604522) Importer(815301076,1909f56bfc062723c751e8b465ee728b)  -> (artifact id: 'd6a0534c011190338190524b73f78649') in 0.371296 seconds 
========================================================================
Received Import Request.
  Time since last request: 0.000041 seconds.
  path: Assets/InventoryMaster/Fonts/American Purpose.ttf
  artifactKey: Guid(1dff1b849d412984484f5e6b05356073) Importer(815301076,1909f56bfc062723c751e8b465ee728b)
Start importing Assets/InventoryMaster/Fonts/American Purpose.ttf using Guid(1dff1b849d412984484f5e6b05356073) Importer(815301076,1909f56bfc062723c751e8b465ee728b)  -> (artifact id: '8afbb147b7cc0be085885272d75bd642') in 0.228283 seconds 
========================================================================
Received Import Request.
  Time since last request: 0.000083 seconds.
  path: Assets/InventoryMaster/Fonts/FontinSans_Cyrillic_R_46b.otf
  artifactKey: Guid(72b8737a62ccf674e97cfe524706f948) Importer(815301076,1909f56bfc062723c751e8b465ee728b)
Start importing Assets/InventoryMaster/Fonts/FontinSans_Cyrillic_R_46b.otf using Guid(72b8737a62ccf674e97cfe524706f948) Importer(815301076,1909f56bfc062723c751e8b465ee728b)  -> (artifact id: '41ed36f3513ca430295a3e2aa0dffcc7') in 0.178405 seconds 
========================================================================
Received Import Request.
  Time since last request: 0.000069 seconds.
  path: Assets/InventoryMaster/Fonts/American Purpose STRIPE 1 Normal.ttf
  artifactKey: Guid(024da2176b6bbd74d8def586930a1233) Importer(815301076,1909f56bfc062723c751e8b465ee728b)
Start importing Assets/InventoryMaster/Fonts/American Purpose STRIPE 1 Normal.ttf using Guid(024da2176b6bbd74d8def586930a1233) Importer(815301076,1909f56bfc062723c751e8b465ee728b)  -> (artifact id: '0c6f4a7719ded9b83bd0ad480ad132eb') in 0.149251 seconds 
========================================================================
Received Import Request.
  Time since last request: 0.000042 seconds.
  path: Assets/InventoryMaster/Fonts/American Purpose STRIPE 1 Bold Italic.otf
  artifactKey: Guid(9b6be309d4c8dc8458e0b693423c5c69) Importer(815301076,1909f56bfc062723c751e8b465ee728b)
Start importing Assets/InventoryMaster/Fonts/American Purpose STRIPE 1 Bold Italic.otf using Guid(9b6be309d4c8dc8458e0b693423c5c69) Importer(815301076,1909f56bfc062723c751e8b465ee728b)  -> (artifact id: 'a10d62413c685786c1c42a839a7d3422') in 0.168722 seconds 
========================================================================
Received Import Request.
  Time since last request: 0.000050 seconds.
  path: Assets/InventoryMaster/Fonts/American Purpose STRIPE 1 Normal.otf
  artifactKey: Guid(bbf329630f0c42246b2cf9e13031b8d1) Importer(815301076,1909f56bfc062723c751e8b465ee728b)
Start importing Assets/InventoryMaster/Fonts/American Purpose STRIPE 1 Normal.otf using Guid(bbf329630f0c42246b2cf9e13031b8d1) Importer(815301076,1909f56bfc062723c751e8b465ee728b)  -> (artifact id: 'ad0d14790390f624454631864dfa7a7f') in 0.118908 seconds 
========================================================================
Received Import Request.
  Time since last request: 0.000383 seconds.
  path: Assets/InventoryMaster/Examples/New Terrain 2.asset
  artifactKey: Guid(1ee973227eec7cb459c45b0c21f16166) Importer(815301076,1909f56bfc062723c751e8b465ee728b)
Start importing Assets/InventoryMaster/Examples/New Terrain 2.asset using Guid(1ee973227eec7cb459c45b0c21f16166) Importer(815301076,1909f56bfc062723c751e8b465ee728b)  -> (artifact id: '1efb89c3984fa8e8821122f20e33880f') in 0.359142 seconds 
========================================================================
Received Import Request.
  Time since last request: 0.000414 seconds.
  path: Assets/InventoryMaster/Fonts/American Purpose STRIPE 1 Bold.ttf
  artifactKey: Guid(8c6210bd8bdfde34d81615b1694b8655) Importer(815301076,1909f56bfc062723c751e8b465ee728b)
Start importing Assets/InventoryMaster/Fonts/American Purpose STRIPE 1 Bold.ttf using Guid(8c6210bd8bdfde34d81615b1694b8655) Importer(815301076,1909f56bfc062723c751e8b465ee728b)  -> (artifact id: '3e3420ab076d39bd7c0336ec8d55ad92') in 0.161685 seconds 
========================================================================
Received Import Request.
  Time since last request: 0.000034 seconds.
  path: Assets/InventoryMaster/Fonts/American Purpose STRIPE 1 Bold.otf
  artifactKey: Guid(e731e4d8435e7e945936240a1ecf0f56) Importer(815301076,1909f56bfc062723c751e8b465ee728b)
Start importing Assets/InventoryMaster/Fonts/American Purpose STRIPE 1 Bold.otf using Guid(e731e4d8435e7e945936240a1ecf0f56) Importer(815301076,1909f56bfc062723c751e8b465ee728b)  -> (artifact id: 'bf79771c932bd2879e80c0ea3d32e750') in 0.129249 seconds 
========================================================================
Received Import Request.
  Time since last request: 0.000035 seconds.
  path: Assets/InventoryMaster/Fonts/American Purpose STRIPE 1 Normal Italic.ttf
  artifactKey: Guid(078fd6a7a7f2da94c9c57891feaf8adc) Importer(815301076,1909f56bfc062723c751e8b465ee728b)
Start importing Assets/InventoryMaster/Fonts/American Purpose STRIPE 1 Normal Italic.ttf using Guid(078fd6a7a7f2da94c9c57891feaf8adc) Importer(815301076,1909f56bfc062723c751e8b465ee728b)  -> (artifact id: '3742b2741f8193527480448bbb41b463') in 0.143534 seconds 
========================================================================
Received Import Request.
  Time since last request: 0.000268 seconds.
  path: Assets/InventoryMaster/Examples/New Terrain.asset
  artifactKey: Guid(d9c9f362f87ac8343b9d0dfd828ea6d0) Importer(815301076,1909f56bfc062723c751e8b465ee728b)
Start importing Assets/InventoryMaster/Examples/New Terrain.asset using Guid(d9c9f362f87ac8343b9d0dfd828ea6d0) Importer(815301076,1909f56bfc062723c751e8b465ee728b)  -> (artifact id: 'a46101213a5dbf0dc8049dd0bcfa75d7') in 0.300268 seconds 
========================================================================
Received Import Request.
  Time since last request: 0.000039 seconds.
  path: Assets/InventoryMaster/MyPrefabs/FallenTree_1_1(Clone).prefab
  artifactKey: Guid(0b91320e819de314d9169936bb919043) Importer(815301076,1909f56bfc062723c751e8b465ee728b)
Start importing Assets/InventoryMaster/MyPrefabs/FallenTree_1_1(Clone).prefab using Guid(0b91320e819de314d9169936bb919043) Importer(815301076,1909f56bfc062723c751e8b465ee728b)  -> (artifact id: 'af3bb5af5a731d09221e4baa655dc317') in 0.154786 seconds 
========================================================================
Received Import Request.
  Time since last request: 0.000051 seconds.
  path: Assets/InventoryMaster/MyPrefabs/Panel - Inventory(Clone).prefab
  artifactKey: Guid(e02a82cf059c5b44cbb480b5ce113b98) Importer(815301076,1909f56bfc062723c751e8b465ee728b)
Start importing Assets/InventoryMaster/MyPrefabs/Panel - Inventory(Clone).prefab using Guid(e02a82cf059c5b44cbb480b5ce113b98) Importer(815301076,1909f56bfc062723c751e8b465ee728b)  -> (artifact id: 'cac7034a62b5220cbb29cb8a024ff4d2') in 0.224479 seconds 
========================================================================
Received Import Request.
  Time since last request: 0.000147 seconds.
  path: Assets/InventoryMaster/MyPrefabs/FallenTree_1_1.prefab
  artifactKey: Guid(c181b69d7cfbbf343bc4f14e9b6a9806) Importer(815301076,1909f56bfc062723c751e8b465ee728b)
Start importing Assets/InventoryMaster/MyPrefabs/FallenTree_1_1.prefab using Guid(c181b69d7cfbbf343bc4f14e9b6a9806) Importer(815301076,1909f56bfc062723c751e8b465ee728b)  -> (artifact id: '58fdfbba860768233d9302c29927409b') in 0.065926 seconds 
========================================================================
Received Import Request.
  Time since last request: 0.000049 seconds.
  path: Assets/InventoryMaster/Fonts/American Purpose STRIPE 1 Bold Italic.ttf
  artifactKey: Guid(6aca2f98d33eb234bb287b9b3a2406c8) Importer(815301076,1909f56bfc062723c751e8b465ee728b)
Start importing Assets/InventoryMaster/Fonts/American Purpose STRIPE 1 Bold Italic.ttf using Guid(6aca2f98d33eb234bb287b9b3a2406c8) Importer(815301076,1909f56bfc062723c751e8b465ee728b)  -> (artifact id: '824e93889bae250ad1c38847bb5c7cd9') in 0.207724 seconds 
========================================================================
Received Import Request.
  Time since last request: 0.000038 seconds.
  path: Assets/InventoryMaster/Fonts/American Purpose STRIPE 1 Normal Italic.otf
  artifactKey: Guid(3fb4116e675dbeb42bc118526b8af6ae) Importer(815301076,1909f56bfc062723c751e8b465ee728b)
Start importing Assets/InventoryMaster/Fonts/American Purpose STRIPE 1 Normal Italic.otf using Guid(3fb4116e675dbeb42bc118526b8af6ae) Importer(815301076,1909f56bfc062723c751e8b465ee728b)  -> (artifact id: 'af388486e401bcba62434cac434c8da5') in 0.181795 seconds 
========================================================================
Received Import Request.
  Time since last request: 0.000052 seconds.
  path: Assets/InventoryMaster/Fonts/American Purpose.otf
  artifactKey: Guid(d8bee09f4790983418e364bc88d834d5) Importer(815301076,1909f56bfc062723c751e8b465ee728b)
Start importing Assets/InventoryMaster/Fonts/American Purpose.otf using Guid(d8bee09f4790983418e364bc88d834d5) Importer(815301076,1909f56bfc062723c751e8b465ee728b)  -> (artifact id: '5104c7eedf020fffd05ea2316c4630da') in 0.144018 seconds 
========================================================================
Received Import Request.
  Time since last request: 0.116542 seconds.
  path: Assets/InventoryMaster/Resources/AttributeDatabase.asset
  artifactKey: Guid(3c7075d4212dc7b4f95a3be8a2519b81) Importer(815301076,1909f56bfc062723c751e8b465ee728b)
Start importing Assets/InventoryMaster/Resources/AttributeDatabase.asset using Guid(3c7075d4212dc7b4f95a3be8a2519b81) Importer(815301076,1909f56bfc062723c751e8b465ee728b)  -> (artifact id: '0ae5875e02e9b086fa14063e325e5f84') in 0.005724 seconds 
========================================================================
Received Import Request.
  Time since last request: 0.000038 seconds.
  path: Assets/InventoryMaster/Resources/BlueprintDatabase.asset
  artifactKey: Guid(235a27c215dffdd48b72d99c7af86101) Importer(815301076,1909f56bfc062723c751e8b465ee728b)
Start importing Assets/InventoryMaster/Resources/BlueprintDatabase.asset using Guid(235a27c215dffdd48b72d99c7af86101) Importer(815301076,1909f56bfc062723c751e8b465ee728b)  -> (artifact id: '9cf2ff748bae12974d2d7cc00ab88df5') in 0.044794 seconds 
========================================================================
Received Import Request.
  Time since last request: 0.000037 seconds.
  path: Assets/InventoryMaster/Resources/InputManager.asset
  artifactKey: Guid(702008cd9ccb2de4b8c666e42b2c1efd) Importer(815301076,1909f56bfc062723c751e8b465ee728b)
Start importing Assets/InventoryMaster/Resources/InputManager.asset using Guid(702008cd9ccb2de4b8c666e42b2c1efd) Importer(815301076,1909f56bfc062723c751e8b465ee728b)  -> (artifact id: 'efd2a55f13f0fdfc6394d1f329f19467') in 0.005569 seconds 
========================================================================
Received Import Request.
  Time since last request: 0.001776 seconds.
  path: Assets/InventoryMaster/Resources/New Terrain.asset
  artifactKey: Guid(2bd29c6ee85cba942ae99b74c05dbf01) Importer(815301076,1909f56bfc062723c751e8b465ee728b)
Start importing Assets/InventoryMaster/Resources/New Terrain.asset using Guid(2bd29c6ee85cba942ae99b74c05dbf01) Importer(815301076,1909f56bfc062723c751e8b465ee728b)  -> (artifact id: 'cac9e69d9579ffc7a81e8ba40d89300a') in 0.231587 seconds 
========================================================================
Received Import Request.
  Time since last request: 0.000042 seconds.
  path: Assets/InventoryMaster/Resources/ItemDatabase.asset
  artifactKey: Guid(964f317a23cc9f0418bb3778fccd8ebb) Importer(815301076,1909f56bfc062723c751e8b465ee728b)
Start importing Assets/InventoryMaster/Resources/ItemDatabase.asset using Guid(964f317a23cc9f0418bb3778fccd8ebb) Importer(815301076,1909f56bfc062723c751e8b465ee728b)  -> (artifact id: '6096ab5189120b5431eafe821af9be9a') in 0.067666 seconds 
========================================================================
Received Import Request.
  Time since last request: 2.360153 seconds.
  path: Assets/InventoryMaster/Textures/A_Armor04.png
  artifactKey: Guid(d13012f4abce7b241900001bf716f66e) Importer(815301076,1909f56bfc062723c751e8b465ee728b)
Start importing Assets/InventoryMaster/Textures/A_Armor04.png using Guid(d13012f4abce7b241900001bf716f66e) Importer(815301076,1909f56bfc062723c751e8b465ee728b)  -> (artifact id: '5916b60a8fc09181f0cde1e845db2430') in 0.139894 seconds 
========================================================================
Received Import Request.
  Time since last request: 0.000039 seconds.
  path: Assets/InventoryMaster/Textures/Ac_Ring01.png
  artifactKey: Guid(59325fb223d6a884ea601d720c136075) Importer(815301076,1909f56bfc062723c751e8b465ee728b)
Start importing Assets/InventoryMaster/Textures/Ac_Ring01.png using Guid(59325fb223d6a884ea601d720c136075) Importer(815301076,1909f56bfc062723c751e8b465ee728b)  -> (artifact id: '67796805e925bd5df71f002dd43b90d2') in 0.206233 seconds 
========================================================================
Received Import Request.
  Time since last request: 0.000209 seconds.
  path: Assets/InventoryMaster/Textures/Ac_Earing02.png
  artifactKey: Guid(3010a40ac3a71ba419b4d98ff9d2a2cb) Importer(815301076,1909f56bfc062723c751e8b465ee728b)
Start importing Assets/InventoryMaster/Textures/Ac_Earing02.png using Guid(3010a40ac3a71ba419b4d98ff9d2a2cb) Importer(815301076,1909f56bfc062723c751e8b465ee728b)  -> (artifact id: '13c0cffd7fcab56c6a4f13b79146a0f4') in 0.182973 seconds 
========================================================================
Received Import Request.
  Time since last request: 0.000034 seconds.
  path: Assets/InventoryMaster/Textures/Ac_Gloves07.png
  artifactKey: Guid(df7a37d7dc21be044aa7783c967a653d) Importer(815301076,1909f56bfc062723c751e8b465ee728b)
Start importing Assets/InventoryMaster/Textures/Ac_Gloves07.png using Guid(df7a37d7dc21be044aa7783c967a653d) Importer(815301076,1909f56bfc062723c751e8b465ee728b)  -> (artifact id: '02e2c72c7a7f833bda08f1b29c241073') in 0.191012 seconds 
========================================================================
Received Import Request.
  Time since last request: 0.000052 seconds.
  path: Assets/InventoryMaster/Textures/Ac_Medal03.png
  artifactKey: Guid(6164aacfc48a773428624cb9bfa8b376) Importer(815301076,1909f56bfc062723c751e8b465ee728b)
Start importing Assets/InventoryMaster/Textures/Ac_Medal03.png using Guid(6164aacfc48a773428624cb9bfa8b376) Importer(815301076,1909f56bfc062723c751e8b465ee728b)  -> (artifact id: 'f81d4f2507dd6439354aaef1098ca63c') in 0.169073 seconds 
========================================================================
Received Import Request.
  Time since last request: 0.000054 seconds.
  path: Assets/InventoryMaster/Textures/Ac_Medal02.png
  artifactKey: Guid(78a3cb99f0787b3418fcb75dee9c0a23) Importer(815301076,1909f56bfc062723c751e8b465ee728b)
Start importing Assets/InventoryMaster/Textures/Ac_Medal02.png using Guid(78a3cb99f0787b3418fcb75dee9c0a23) Importer(815301076,1909f56bfc062723c751e8b465ee728b)  -> (artifact id: '6b7b4fc5c7f7a3267fda16402f6c0871') in 0.130962 seconds 
========================================================================
Received Import Request.
  Time since last request: 0.000359 seconds.
  path: Assets/InventoryMaster/Textures/A_Shoes02.png
  artifactKey: Guid(266287512808100408d919fb5a84f2f9) Importer(815301076,1909f56bfc062723c751e8b465ee728b)
Start importing Assets/InventoryMaster/Textures/A_Shoes02.png using Guid(266287512808100408d919fb5a84f2f9) Importer(815301076,1909f56bfc062723c751e8b465ee728b)  -> (artifact id: '5fcc6306266e29b21d97b7820753a8c4') in 0.208586 seconds 
========================================================================
Received Import Request.
  Time since last request: 0.000126 seconds.
  path: Assets/InventoryMaster/Textures/A_Shoes05.png
  artifactKey: Guid(ce2f65d4a0c353b409f2821db15cce5e) Importer(815301076,1909f56bfc062723c751e8b465ee728b)
Start importing Assets/InventoryMaster/Textures/A_Shoes05.png using Guid(ce2f65d4a0c353b409f2821db15cce5e) Importer(815301076,1909f56bfc062723c751e8b465ee728b)  -> (artifact id: 'fb19d1ca95683dae2fe96d1a26e44655') in 0.150782 seconds 
========================================================================
Received Import Request.
  Time since last request: 0.000736 seconds.
  path: Assets/InventoryMaster/Textures/Ac_Gloves03.png
  artifactKey: Guid(9e108c3d338a850449f80cf654004b28) Importer(815301076,1909f56bfc062723c751e8b465ee728b)
Start importing Assets/InventoryMaster/Textures/Ac_Gloves03.png using Guid(9e108c3d338a850449f80cf654004b28) Importer(815301076,1909f56bfc062723c751e8b465ee728b)  -> (artifact id: '8fa9f4e5e503e24294fe8dfd43c4a866') in 0.048389 seconds 
========================================================================
Received Import Request.
  Time since last request: 0.001267 seconds.
  path: Assets/InventoryMaster/Textures/A_Armour03.png
  artifactKey: Guid(22012799e7b2d3f41b2c05e0c71541f6) Importer(815301076,1909f56bfc062723c751e8b465ee728b)
Start importing Assets/InventoryMaster/Textures/A_Armour03.png using Guid(22012799e7b2d3f41b2c05e0c71541f6) Importer(815301076,1909f56bfc062723c751e8b465ee728b)  -> (artifact id: '4f90ac03d62fe421e09730f9b10cc439') in 0.171505 seconds 
========================================================================
Received Import Request.
  Time since last request: 0.000052 seconds.
  path: Assets/InventoryMaster/Textures/A_Shoes01.png
  artifactKey: Guid(3677eacbc4390644e97df27f50b96587) Importer(815301076,1909f56bfc062723c751e8b465ee728b)
Start importing Assets/InventoryMaster/Textures/A_Shoes01.png using Guid(3677eacbc4390644e97df27f50b96587) Importer(815301076,1909f56bfc062723c751e8b465ee728b)  -> (artifact id: '756aaa125ae7b3994e178e305b83fb69') in 0.036421 seconds 
========================================================================
Received Import Request.
  Time since last request: 0.000052 seconds.
  path: Assets/InventoryMaster/Textures/A_Armour01.png
  artifactKey: Guid(fcd8bd2db18e92d42a7d14fc0e395888) Importer(815301076,1909f56bfc062723c751e8b465ee728b)
Start importing Assets/InventoryMaster/Textures/A_Armour01.png using Guid(fcd8bd2db18e92d42a7d14fc0e395888) Importer(815301076,1909f56bfc062723c751e8b465ee728b)  -> (artifact id: '64e28f16a515ac279a55a2c93a216456') in 0.134204 seconds 
========================================================================
Received Import Request.
  Time since last request: 0.016414 seconds.
  path: Assets/InventoryMaster/Textures/A_Armour02.png
  artifactKey: Guid(f5e3bff24c9077445a126833256147bd) Importer(815301076,1909f56bfc062723c751e8b465ee728b)
Start importing Assets/InventoryMaster/Textures/A_Armour02.png using Guid(f5e3bff24c9077445a126833256147bd) Importer(815301076,1909f56bfc062723c751e8b465ee728b)  -> (artifact id: 'c0ae4bcde8c5f978b0832152a6783352') in 0.098793 seconds 
========================================================================
Received Import Request.
  Time since last request: 0.000040 seconds.
  path: Assets/InventoryMaster/Textures/Ac_Earing01.png
  artifactKey: Guid(6181a838cc0f68041be2ad979199897c) Importer(815301076,1909f56bfc062723c751e8b465ee728b)
Start importing Assets/InventoryMaster/Textures/Ac_Earing01.png using Guid(6181a838cc0f68041be2ad979199897c) Importer(815301076,1909f56bfc062723c751e8b465ee728b)  -> (artifact id: 'b7c0215bf2fd24b995342d5cce417074') in 0.120278 seconds 
========================================================================
Received Import Request.
  Time since last request: 0.001172 seconds.
  path: Assets/InventoryMaster/Textures/A_Shoes03.png
  artifactKey: Guid(2de2ce1257d5c1346b296c0b41300cf2) Importer(815301076,1909f56bfc062723c751e8b465ee728b)
Start importing Assets/InventoryMaster/Textures/A_Shoes03.png using Guid(2de2ce1257d5c1346b296c0b41300cf2) Importer(815301076,1909f56bfc062723c751e8b465ee728b)  -> (artifact id: '369dd27b8e49335f12d6fc8aaea0cda5') in 0.093991 seconds 
========================================================================
Received Import Request.
  Time since last request: 0.000033 seconds.
  path: Assets/InventoryMaster/Textures/Ac_Gloves02.png
  artifactKey: Guid(27d54f956c9604d4895c44554a530719) Importer(815301076,1909f56bfc062723c751e8b465ee728b)
Start importing Assets/InventoryMaster/Textures/Ac_Gloves02.png using Guid(27d54f956c9604d4895c44554a530719) Importer(815301076,1909f56bfc062723c751e8b465ee728b)  -> (artifact id: '36f7d8c3ef917f33a60610f2920c3ba7') in 0.085190 seconds 
========================================================================
Received Import Request.
  Time since last request: 0.000047 seconds.
  path: Assets/InventoryMaster/Textures/Ac_Medal01.png
  artifactKey: Guid(74edddd13f4e7204c9f9ba751f6c9ec2) Importer(815301076,1909f56bfc062723c751e8b465ee728b)
Start importing Assets/InventoryMaster/Textures/Ac_Medal01.png using Guid(74edddd13f4e7204c9f9ba751f6c9ec2) Importer(815301076,1909f56bfc062723c751e8b465ee728b)  -> (artifact id: 'cf9554ee7d626ec63873964d02360563') in 0.122188 seconds 
========================================================================
Received Import Request.
  Time since last request: 0.000051 seconds.
  path: Assets/InventoryMaster/Textures/Ac_Necklace03.png
  artifactKey: Guid(727a268a67226cc40ac7ae15fec944b4) Importer(815301076,1909f56bfc062723c751e8b465ee728b)
Start importing Assets/InventoryMaster/Textures/Ac_Necklace03.png using Guid(727a268a67226cc40ac7ae15fec944b4) Importer(815301076,1909f56bfc062723c751e8b465ee728b)  -> (artifact id: '907d4aef6236aa5f95373e3f00ebf72f') in 0.181815 seconds 
========================================================================
Received Import Request.
  Time since last request: 0.000042 seconds.
  path: Assets/InventoryMaster/Textures/A_Shoes07.png
  artifactKey: Guid(7fa8a83e60d4f5046abdbb50bcb40d4a) Importer(815301076,1909f56bfc062723c751e8b465ee728b)
Start importing Assets/InventoryMaster/Textures/A_Shoes07.png using Guid(7fa8a83e60d4f5046abdbb50bcb40d4a) Importer(815301076,1909f56bfc062723c751e8b465ee728b)  -> (artifact id: '06270dcc0da7c4ef829f6e5a3c5737e5') in 0.110593 seconds 
========================================================================
Received Import Request.
  Time since last request: 0.000051 seconds.
  path: Assets/InventoryMaster/Textures/Ac_Gloves01.png
  artifactKey: Guid(2ac662c22b865e244b2a9c5b862ce644) Importer(815301076,1909f56bfc062723c751e8b465ee728b)
Start importing Assets/InventoryMaster/Textures/Ac_Gloves01.png using Guid(2ac662c22b865e244b2a9c5b862ce644) Importer(815301076,1909f56bfc062723c751e8b465ee728b)  -> (artifact id: '889b5d03685f4e2ef935ef1ce2b8a094') in 0.197758 seconds 
========================================================================
Received Import Request.
  Time since last request: 0.000064 seconds.
  path: Assets/InventoryMaster/Textures/Ac_Gloves04.png
  artifactKey: Guid(3314daa31094a8348a6bbc2f9f450148) Importer(815301076,1909f56bfc062723c751e8b465ee728b)
Start importing Assets/InventoryMaster/Textures/Ac_Gloves04.png using Guid(3314daa31094a8348a6bbc2f9f450148) Importer(815301076,1909f56bfc062723c751e8b465ee728b)  -> (artifact id: 'd465633a98f12c8d4061b2f0813e4506') in 0.088150 seconds 
========================================================================
Received Import Request.
  Time since last request: 0.000050 seconds.
  path: Assets/InventoryMaster/Textures/Ac_Necklace02.png
  artifactKey: Guid(25b937a2275146744815687e7d7c28a6) Importer(815301076,1909f56bfc062723c751e8b465ee728b)
Start importing Assets/InventoryMaster/Textures/Ac_Necklace02.png using Guid(25b937a2275146744815687e7d7c28a6) Importer(815301076,1909f56bfc062723c751e8b465ee728b)  -> (artifact id: 'c2c251b494d9a2bb10983088c7f0e51f') in 0.164519 seconds 
========================================================================
Received Import Request.
  Time since last request: 0.000162 seconds.
  path: Assets/InventoryMaster/Textures/A_Armor05.png
  artifactKey: Guid(fa96832082fe213428b65ad2180b0a36) Importer(815301076,1909f56bfc062723c751e8b465ee728b)
Start importing Assets/InventoryMaster/Textures/A_Armor05.png using Guid(fa96832082fe213428b65ad2180b0a36) Importer(815301076,1909f56bfc062723c751e8b465ee728b)  -> (artifact id: '86e35a9f5ecea291a3202bd505c22e07') in 0.134022 seconds 
========================================================================
Received Import Request.
  Time since last request: 0.000341 seconds.
  path: Assets/InventoryMaster/Textures/Ac_Gloves06.png
  artifactKey: Guid(d08090c03cca5494da4f8f79251153ea) Importer(815301076,1909f56bfc062723c751e8b465ee728b)
Start importing Assets/InventoryMaster/Textures/Ac_Gloves06.png using Guid(d08090c03cca5494da4f8f79251153ea) Importer(815301076,1909f56bfc062723c751e8b465ee728b)  -> (artifact id: '56d15aa0caa15082312d5be5d05bffae') in 0.145008 seconds 
========================================================================
Received Import Request.
  Time since last request: 0.000528 seconds.
  path: Assets/InventoryMaster/Textures/Ac_Medal04.png
  artifactKey: Guid(cfe8a9fc810cd9945bf961e98bc1a991) Importer(815301076,1909f56bfc062723c751e8b465ee728b)
Start importing Assets/InventoryMaster/Textures/Ac_Medal04.png using Guid(cfe8a9fc810cd9945bf961e98bc1a991) Importer(815301076,1909f56bfc062723c751e8b465ee728b)  -> (artifact id: '5cfa038e15dc2b90c992d7d498e58723') in 0.160495 seconds 
========================================================================
Received Import Request.
  Time since last request: 0.000036 seconds.
  path: Assets/InventoryMaster/Textures/Ac_Ring02.png
  artifactKey: Guid(3248178fb7b42f946b60dd3cda33c16e) Importer(815301076,1909f56bfc062723c751e8b465ee728b)
Start importing Assets/InventoryMaster/Textures/Ac_Ring02.png using Guid(3248178fb7b42f946b60dd3cda33c16e) Importer(815301076,1909f56bfc062723c751e8b465ee728b)  -> (artifact id: '32c7b0fe503a371bd3b83e195e614592') in 0.194222 seconds 
========================================================================
Received Import Request.
  Time since last request: 0.000040 seconds.
  path: Assets/InventoryMaster/Textures/Ac_Necklace01.png
  artifactKey: Guid(4ca4da0f88df7c64cba9c1934d6930cc) Importer(815301076,1909f56bfc062723c751e8b465ee728b)
Start importing Assets/InventoryMaster/Textures/Ac_Necklace01.png using Guid(4ca4da0f88df7c64cba9c1934d6930cc) Importer(815301076,1909f56bfc062723c751e8b465ee728b)  -> (artifact id: '07d37927b414a1479b151b06a96ac943') in 0.055705 seconds 
========================================================================
Received Import Request.
  Time since last request: 0.038577 seconds.
  path: Assets/InventoryMaster/Textures/A_Clothing02.png
  artifactKey: Guid(34ce9c8524e37f549bc4de2bbdd96429) Importer(815301076,1909f56bfc062723c751e8b465ee728b)
Start importing Assets/InventoryMaster/Textures/A_Clothing02.png using Guid(34ce9c8524e37f549bc4de2bbdd96429) Importer(815301076,1909f56bfc062723c751e8b465ee728b)  -> (artifact id: 'f973e992c6f2a7f74d911f7ef2c958a5') in 0.088927 seconds 
========================================================================
Received Import Request.
  Time since last request: 0.018602 seconds.
  path: Assets/InventoryMaster/Textures/A_Clothing01.png
  artifactKey: Guid(94feb6ac7e57fb34bb8d8f48f554ff82) Importer(815301076,1909f56bfc062723c751e8b465ee728b)
Start importing Assets/InventoryMaster/Textures/A_Clothing01.png using Guid(94feb6ac7e57fb34bb8d8f48f554ff82) Importer(815301076,1909f56bfc062723c751e8b465ee728b)  -> (artifact id: '4cb98510c450becabed03f2c22eea908') in 0.100238 seconds 
========================================================================
Received Import Request.
  Time since last request: 0.000048 seconds.
  path: Assets/InventoryMaster/Textures/Ac_Necklace04.png
  artifactKey: Guid(530195fb308aa4e49b9bd17ce93e679a) Importer(815301076,1909f56bfc062723c751e8b465ee728b)
Start importing Assets/InventoryMaster/Textures/Ac_Necklace04.png using Guid(530195fb308aa4e49b9bd17ce93e679a) Importer(815301076,1909f56bfc062723c751e8b465ee728b)  -> (artifact id: '185e6167c860f127b6995f453a198470') in 0.142104 seconds 
========================================================================
Received Import Request.
  Time since last request: 0.000036 seconds.
  path: Assets/InventoryMaster/Textures/Ac_Gloves05.png
  artifactKey: Guid(1c85a91735ede384a972fcbaeac343d5) Importer(815301076,1909f56bfc062723c751e8b465ee728b)
Start importing Assets/InventoryMaster/Textures/Ac_Gloves05.png using Guid(1c85a91735ede384a972fcbaeac343d5) Importer(815301076,1909f56bfc062723c751e8b465ee728b)  -> (artifact id: 'a22411a40805b256f39d764cef642b05') in 0.119652 seconds 
========================================================================
Received Import Request.
  Time since last request: 0.001204 seconds.
  path: Assets/InventoryMaster/Textures/A_Shoes04.png
  artifactKey: Guid(c4b30d660b4c34941a38c601b97323ec) Importer(815301076,1909f56bfc062723c751e8b465ee728b)
Start importing Assets/InventoryMaster/Textures/A_Shoes04.png using Guid(c4b30d660b4c34941a38c601b97323ec) Importer(815301076,1909f56bfc062723c751e8b465ee728b)  -> (artifact id: 'a42aecad3b7324c03f5fd957f98b0b7a') in 0.190603 seconds 
========================================================================
Received Import Request.
  Time since last request: 0.000038 seconds.
  path: Assets/InventoryMaster/Textures/A_Shoes06.png
  artifactKey: Guid(d698c05391ef94f47b95b42fba9442fe) Importer(815301076,1909f56bfc062723c751e8b465ee728b)
Start importing Assets/InventoryMaster/Textures/A_Shoes06.png using Guid(d698c05391ef94f47b95b42fba9442fe) Importer(815301076,1909f56bfc062723c751e8b465ee728b)  -> (artifact id: 'ce1172f5b1b6f9b66df1ca2bda1c1668') in 0.165705 seconds 
========================================================================
Received Import Request.
  Time since last request: 181.158614 seconds.
  path: Assets/Download/Animations/Animations_Starter_Pack/playanimk.controller
  artifactKey: Guid(1d97eccb30141b74fb28421419c8653b) Importer(815301076,1909f56bfc062723c751e8b465ee728b)
Start importing Assets/Download/Animations/Animations_Starter_Pack/playanimk.controller using Guid(1d97eccb30141b74fb28421419c8653b) Importer(815301076,1909f56bfc062723c751e8b465ee728b)  -> (artifact id: '86c9bb2e441b619f5fb9302b459e85b2') in 0.028180 seconds 
========================================================================
Received Import Request.
  Time since last request: 1697.296456 seconds.
  path: ProjectSettings/TagManager.asset
  artifactKey: Guid(00000000000000003000000000000000) Importer(815301076,1909f56bfc062723c751e8b465ee728b)
Start importing ProjectSettings/TagManager.asset using Guid(00000000000000003000000000000000) Importer(815301076,1909f56bfc062723c751e8b465ee728b)  -> (artifact id: '243c16a203a4679c6744084ff789818e') in 0.030813 seconds 
========================================================================
Received Prepare
Registering precompiled user dll's ...
Registered in 0.004949 seconds.
Begin MonoManager ReloadAssembly
Symbol file LoadedFromMemory doesn't match image D:\unity\Xiphos\My project\Library\PackageCache\com.unity.visualscripting@1.7.8\Editor\VisualScripting.Core\Dependencies\YamlDotNet\Unity.VisualScripting.YamlDotNet.dll
Symbol file LoadedFromMemory doesn't match image D:\unity\Xiphos\My project\Library\PackageCache\com.unity.visualscripting@1.7.8\Editor\VisualScripting.Core\Dependencies\DotNetZip\Unity.VisualScripting.IonicZip.dll
Native extension for WindowsStandalone target not found
Refreshing native plugins compatible for Editor in 1.06 ms, found 3 plugins.
Preloading 0 native plugins for Editor in 0.00 ms.
Mono: successfully reloaded assembly
- Completed reload, in  3.308 seconds
Domain Reload Profiling:
	ReloadAssembly (3313ms)
		BeginReloadAssembly (1179ms)
			ExecutionOrderSort (0ms)
			DisableScriptedObjects (58ms)
			BackupInstance (0ms)
			ReleaseScriptingObjects (0ms)
			CreateAndSetChildDomain (301ms)
		EndReloadAssembly (1908ms)
			LoadAssemblies (828ms)
			RebuildTransferFunctionScriptingTraits (2ms)
			SetupTypeCache (604ms)
			ReleaseScriptCaches (2ms)
			RebuildScriptCaches (102ms)
			SetupLoadedEditorAssemblies (835ms)
				LogAssemblyErrors (0ms)
				InitializePlatformSupportModulesInManaged (29ms)
				SetLoadedEditorAssemblies (2ms)
				RefreshPlugins (1ms)
				BeforeProcessingInitializeOnLoad (158ms)
				ProcessInitializeOnLoadAttributes (566ms)
				ProcessInitializeOnLoadMethodAttributes (75ms)
				AfterProcessingInitializeOnLoad (4ms)
				EditorAssembliesLoaded (1ms)
			ExecutionOrderSort2 (0ms)
			AwakeInstancesAfterBackupRestoration (11ms)
Platform modules already initialized, skipping
Refreshing native plugins compatible for Editor in 22.62 ms, found 3 plugins.
Preloading 0 native plugins for Editor in 0.00 ms.
Unloading 3380 Unused Serialized files (Serialized files now loaded: 0)
Unloading 21 unused Assets / (56.6 KB). Loaded Objects now: 3931.
Memory consumption went from 131.2 MB to 131.1 MB.
Total: 57.637005 ms (FindLiveObjects: 0.428477 ms CreateObjectMapping: 0.362196 ms MarkObjects: 53.665681 ms  DeleteObjects: 3.176375 ms)

AssetImportParameters requested are different than current active one (requested -> active):
  custom:video-decoder-ogg-theora: a1e56fd34408186e4bbccfd4996cb3dc -> 
  custom:container-muxer-webm: aa71ff27fc2769a1b78a27578f13a17b -> 
  custom:container-demuxer-webm: 4f35f7cbe854078d1ac9338744f61a02 -> 
  custom:video-encoder-webm-vp8: eb34c28f22e8b96e1ab97ce403110664 -> 
  custom:audio-encoder-webm-vorbis: bf7c407c2cedff20999df2af8eb42d56 -> 
  custom:framework-win-MediaFoundation: 216162199b28c13a410421893ffa2e32 -> 
  custom:container-demuxer-ogg: 62fdf1f143b41e24485cea50d1cbac27 -> 
  custom:video-decoder-webm-vp8: 9c59270c3fd7afecdb556c50c9e8de78 -> 
  custom:audio-decoder-ogg-vorbis: bf7c407c2cedff20999df2af8eb42d56 -> 
========================================================================
Received Prepare
Registering precompiled user dll's ...
Registered in 0.005283 seconds.
Begin MonoManager ReloadAssembly
Symbol file LoadedFromMemory doesn't match image D:\unity\Xiphos\My project\Library\PackageCache\com.unity.visualscripting@1.7.8\Editor\VisualScripting.Core\Dependencies\YamlDotNet\Unity.VisualScripting.YamlDotNet.dll
Symbol file LoadedFromMemory doesn't match image D:\unity\Xiphos\My project\Library\PackageCache\com.unity.visualscripting@1.7.8\Editor\VisualScripting.Core\Dependencies\DotNetZip\Unity.VisualScripting.IonicZip.dll
Native extension for WindowsStandalone target not found
Refreshing native plugins compatible for Editor in 1.19 ms, found 3 plugins.
Preloading 0 native plugins for Editor in 0.00 ms.
Mono: successfully reloaded assembly
- Completed reload, in  2.861 seconds
Domain Reload Profiling:
	ReloadAssembly (2863ms)
		BeginReloadAssembly (268ms)
			ExecutionOrderSort (0ms)
			DisableScriptedObjects (17ms)
			BackupInstance (0ms)
			ReleaseScriptingObjects (0ms)
			CreateAndSetChildDomain (62ms)
		EndReloadAssembly (2233ms)
			LoadAssemblies (177ms)
			RebuildTransferFunctionScriptingTraits (0ms)
			SetupTypeCache (859ms)
			ReleaseScriptCaches (2ms)
			RebuildScriptCaches (95ms)
			SetupLoadedEditorAssemblies (966ms)
				LogAssemblyErrors (0ms)
				InitializePlatformSupportModulesInManaged (43ms)
				SetLoadedEditorAssemblies (1ms)
				RefreshPlugins (1ms)
				BeforeProcessingInitializeOnLoad (154ms)
				ProcessInitializeOnLoadAttributes (684ms)
				ProcessInitializeOnLoadMethodAttributes (77ms)
				AfterProcessingInitializeOnLoad (5ms)
				EditorAssembliesLoaded (1ms)
			ExecutionOrderSort2 (0ms)
			AwakeInstancesAfterBackupRestoration (15ms)
Platform modules already initialized, skipping
Refreshing native plugins compatible for Editor in 2.87 ms, found 3 plugins.
Preloading 0 native plugins for Editor in 0.00 ms.
Unloading 3380 Unused Serialized files (Serialized files now loaded: 0)
Unloading 18 unused Assets / (55.1 KB). Loaded Objects now: 3934.
Memory consumption went from 131.1 MB to 131.1 MB.
Total: 431.286094 ms (FindLiveObjects: 0.484923 ms CreateObjectMapping: 0.405385 ms MarkObjects: 430.207632 ms  DeleteObjects: 0.183877 ms)

AssetImportParameters requested are different than current active one (requested -> active):
  custom:video-decoder-ogg-theora: a1e56fd34408186e4bbccfd4996cb3dc -> 
  custom:container-muxer-webm: aa71ff27fc2769a1b78a27578f13a17b -> 
  custom:container-demuxer-webm: 4f35f7cbe854078d1ac9338744f61a02 -> 
  custom:video-encoder-webm-vp8: eb34c28f22e8b96e1ab97ce403110664 -> 
  custom:audio-encoder-webm-vorbis: bf7c407c2cedff20999df2af8eb42d56 -> 
  custom:framework-win-MediaFoundation: 216162199b28c13a410421893ffa2e32 -> 
  custom:container-demuxer-ogg: 62fdf1f143b41e24485cea50d1cbac27 -> 
  custom:video-decoder-webm-vp8: 9c59270c3fd7afecdb556c50c9e8de78 -> 
  custom:audio-decoder-ogg-vorbis: bf7c407c2cedff20999df2af8eb42d56 -> 
========================================================================
Received Prepare
Registering precompiled user dll's ...
Registered in 0.004741 seconds.
Begin MonoManager ReloadAssembly
Symbol file LoadedFromMemory doesn't match image D:\unity\Xiphos\My project\Library\PackageCache\com.unity.visualscripting@1.7.8\Editor\VisualScripting.Core\Dependencies\YamlDotNet\Unity.VisualScripting.YamlDotNet.dll
Symbol file LoadedFromMemory doesn't match image D:\unity\Xiphos\My project\Library\PackageCache\com.unity.visualscripting@1.7.8\Editor\VisualScripting.Core\Dependencies\DotNetZip\Unity.VisualScripting.IonicZip.dll
Native extension for WindowsStandalone target not found
Refreshing native plugins compatible for Editor in 2.69 ms, found 3 plugins.
Preloading 0 native plugins for Editor in 0.00 ms.
Mono: successfully reloaded assembly
- Completed reload, in  4.615 seconds
Domain Reload Profiling:
	ReloadAssembly (4618ms)
		BeginReloadAssembly (404ms)
			ExecutionOrderSort (0ms)
			DisableScriptedObjects (16ms)
			BackupInstance (0ms)
			ReleaseScriptingObjects (0ms)
			CreateAndSetChildDomain (80ms)
		EndReloadAssembly (3930ms)
			LoadAssemblies (185ms)
			RebuildTransferFunctionScriptingTraits (0ms)
			SetupTypeCache (685ms)
			ReleaseScriptCaches (2ms)
			RebuildScriptCaches (583ms)
			SetupLoadedEditorAssemblies (2059ms)
				LogAssemblyErrors (0ms)
				InitializePlatformSupportModulesInManaged (36ms)
				SetLoadedEditorAssemblies (1ms)
				RefreshPlugins (3ms)
				BeforeProcessingInitializeOnLoad (307ms)
				ProcessInitializeOnLoadAttributes (1488ms)
				ProcessInitializeOnLoadMethodAttributes (214ms)
				AfterProcessingInitializeOnLoad (9ms)
				EditorAssembliesLoaded (1ms)
			ExecutionOrderSort2 (0ms)
			AwakeInstancesAfterBackupRestoration (42ms)
Platform modules already initialized, skipping
Refreshing native plugins compatible for Editor in 24.30 ms, found 3 plugins.
Preloading 0 native plugins for Editor in 0.00 ms.
Unloading 3380 Unused Serialized files (Serialized files now loaded: 0)
Unloading 18 unused Assets / (55.0 KB). Loaded Objects now: 3937.
Memory consumption went from 131.2 MB to 131.1 MB.
Total: 8.823121 ms (FindLiveObjects: 0.804357 ms CreateObjectMapping: 1.122935 ms MarkObjects: 6.594356 ms  DeleteObjects: 0.296342 ms)

AssetImportParameters requested are different than current active one (requested -> active):
  custom:video-decoder-ogg-theora: a1e56fd34408186e4bbccfd4996cb3dc -> 
  custom:container-muxer-webm: aa71ff27fc2769a1b78a27578f13a17b -> 
  custom:container-demuxer-webm: 4f35f7cbe854078d1ac9338744f61a02 -> 
  custom:video-encoder-webm-vp8: eb34c28f22e8b96e1ab97ce403110664 -> 
  custom:audio-encoder-webm-vorbis: bf7c407c2cedff20999df2af8eb42d56 -> 
  custom:framework-win-MediaFoundation: 216162199b28c13a410421893ffa2e32 -> 
  custom:container-demuxer-ogg: 62fdf1f143b41e24485cea50d1cbac27 -> 
  custom:video-decoder-webm-vp8: 9c59270c3fd7afecdb556c50c9e8de78 -> 
  custom:audio-decoder-ogg-vorbis: bf7c407c2cedff20999df2af8eb42d56 -> 
========================================================================
Received Prepare
Registering precompiled user dll's ...
Registered in 0.004558 seconds.
Begin MonoManager ReloadAssembly
Symbol file LoadedFromMemory doesn't match image D:\unity\Xiphos\My project\Library\PackageCache\com.unity.visualscripting@1.7.8\Editor\VisualScripting.Core\Dependencies\YamlDotNet\Unity.VisualScripting.YamlDotNet.dll
Symbol file LoadedFromMemory doesn't match image D:\unity\Xiphos\My project\Library\PackageCache\com.unity.visualscripting@1.7.8\Editor\VisualScripting.Core\Dependencies\DotNetZip\Unity.VisualScripting.IonicZip.dll
Native extension for WindowsStandalone target not found
Refreshing native plugins compatible for Editor in 1.09 ms, found 3 plugins.
Preloading 0 native plugins for Editor in 0.00 ms.
Mono: successfully reloaded assembly
- Completed reload, in  5.151 seconds
Domain Reload Profiling:
	ReloadAssembly (5157ms)
		BeginReloadAssembly (518ms)
			ExecutionOrderSort (0ms)
			DisableScriptedObjects (36ms)
			BackupInstance (0ms)
			ReleaseScriptingObjects (0ms)
			CreateAndSetChildDomain (84ms)
		EndReloadAssembly (4336ms)
			LoadAssemblies (262ms)
			RebuildTransferFunctionScriptingTraits (0ms)
			SetupTypeCache (677ms)
			ReleaseScriptCaches (3ms)
			RebuildScriptCaches (158ms)
			SetupLoadedEditorAssemblies (2719ms)
				LogAssemblyErrors (0ms)
				InitializePlatformSupportModulesInManaged (33ms)
				SetLoadedEditorAssemblies (2ms)
				RefreshPlugins (1ms)
				BeforeProcessingInitializeOnLoad (298ms)
				ProcessInitializeOnLoadAttributes (1889ms)
				ProcessInitializeOnLoadMethodAttributes (456ms)
				AfterProcessingInitializeOnLoad (39ms)
				EditorAssembliesLoaded (2ms)
			ExecutionOrderSort2 (0ms)
			AwakeInstancesAfterBackupRestoration (27ms)
Platform modules already initialized, skipping
Refreshing native plugins compatible for Editor in 3.17 ms, found 3 plugins.
Preloading 0 native plugins for Editor in 0.00 ms.
Unloading 3380 Unused Serialized files (Serialized files now loaded: 0)
Unloading 18 unused Assets / (55.0 KB). Loaded Objects now: 3940.
Memory consumption went from 131.1 MB to 131.0 MB.
Total: 243.852616 ms (FindLiveObjects: 0.433181 ms CreateObjectMapping: 0.416504 ms MarkObjects: 242.879776 ms  DeleteObjects: 0.119734 ms)

AssetImportParameters requested are different than current active one (requested -> active):
  custom:video-decoder-ogg-theora: a1e56fd34408186e4bbccfd4996cb3dc -> 
  custom:container-muxer-webm: aa71ff27fc2769a1b78a27578f13a17b -> 
  custom:container-demuxer-webm: 4f35f7cbe854078d1ac9338744f61a02 -> 
  custom:video-encoder-webm-vp8: eb34c28f22e8b96e1ab97ce403110664 -> 
  custom:audio-encoder-webm-vorbis: bf7c407c2cedff20999df2af8eb42d56 -> 
  custom:framework-win-MediaFoundation: 216162199b28c13a410421893ffa2e32 -> 
  custom:container-demuxer-ogg: 62fdf1f143b41e24485cea50d1cbac27 -> 
  custom:video-decoder-webm-vp8: 9c59270c3fd7afecdb556c50c9e8de78 -> 
  custom:audio-decoder-ogg-vorbis: bf7c407c2cedff20999df2af8eb42d56 -> 
========================================================================
Received Prepare
Registering precompiled user dll's ...
Registered in 0.004455 seconds.
Begin MonoManager ReloadAssembly
Symbol file LoadedFromMemory doesn't match image D:\unity\Xiphos\My project\Library\PackageCache\com.unity.visualscripting@1.7.8\Editor\VisualScripting.Core\Dependencies\YamlDotNet\Unity.VisualScripting.YamlDotNet.dll
Symbol file LoadedFromMemory doesn't match image D:\unity\Xiphos\My project\Library\PackageCache\com.unity.visualscripting@1.7.8\Editor\VisualScripting.Core\Dependencies\DotNetZip\Unity.VisualScripting.IonicZip.dll
Native extension for WindowsStandalone target not found
Refreshing native plugins compatible for Editor in 1.08 ms, found 3 plugins.
Preloading 0 native plugins for Editor in 0.00 ms.
Mono: successfully reloaded assembly
- Completed reload, in  2.126 seconds
Domain Reload Profiling:
	ReloadAssembly (2127ms)
		BeginReloadAssembly (254ms)
			ExecutionOrderSort (0ms)
			DisableScriptedObjects (27ms)
			BackupInstance (0ms)
			ReleaseScriptingObjects (0ms)
			CreateAndSetChildDomain (58ms)
		EndReloadAssembly (1666ms)
			LoadAssemblies (154ms)
			RebuildTransferFunctionScriptingTraits (0ms)
			SetupTypeCache (548ms)
			ReleaseScriptCaches (2ms)
			RebuildScriptCaches (89ms)
			SetupLoadedEditorAssemblies (767ms)
				LogAssemblyErrors (0ms)
				InitializePlatformSupportModulesInManaged (26ms)
				SetLoadedEditorAssemblies (1ms)
				RefreshPlugins (1ms)
				BeforeProcessingInitializeOnLoad (155ms)
				ProcessInitializeOnLoadAttributes (509ms)
				ProcessInitializeOnLoadMethodAttributes (69ms)
				AfterProcessingInitializeOnLoad (4ms)
				EditorAssembliesLoaded (0ms)
			ExecutionOrderSort2 (0ms)
			AwakeInstancesAfterBackupRestoration (11ms)
Platform modules already initialized, skipping
Refreshing native plugins compatible for Editor in 4.05 ms, found 3 plugins.
Preloading 0 native plugins for Editor in 0.00 ms.
Unloading 3380 Unused Serialized files (Serialized files now loaded: 0)
Unloading 18 unused Assets / (55.0 KB). Loaded Objects now: 3943.
Memory consumption went from 131.2 MB to 131.1 MB.
Total: 143.727536 ms (FindLiveObjects: 0.449858 ms CreateObjectMapping: 0.493048 ms MarkObjects: 142.662758 ms  DeleteObjects: 0.118451 ms)

AssetImportParameters requested are different than current active one (requested -> active):
  custom:video-decoder-ogg-theora: a1e56fd34408186e4bbccfd4996cb3dc -> 
  custom:container-muxer-webm: aa71ff27fc2769a1b78a27578f13a17b -> 
  custom:container-demuxer-webm: 4f35f7cbe854078d1ac9338744f61a02 -> 
  custom:video-encoder-webm-vp8: eb34c28f22e8b96e1ab97ce403110664 -> 
  custom:audio-encoder-webm-vorbis: bf7c407c2cedff20999df2af8eb42d56 -> 
  custom:framework-win-MediaFoundation: 216162199b28c13a410421893ffa2e32 -> 
  custom:container-demuxer-ogg: 62fdf1f143b41e24485cea50d1cbac27 -> 
  custom:video-decoder-webm-vp8: 9c59270c3fd7afecdb556c50c9e8de78 -> 
  custom:audio-decoder-ogg-vorbis: bf7c407c2cedff20999df2af8eb42d56 -> 
========================================================================
Received Prepare
Registering precompiled user dll's ...
Registered in 0.008047 seconds.
Begin MonoManager ReloadAssembly
Symbol file LoadedFromMemory doesn't match image D:\unity\Xiphos\My project\Library\PackageCache\com.unity.visualscripting@1.7.8\Editor\VisualScripting.Core\Dependencies\YamlDotNet\Unity.VisualScripting.YamlDotNet.dll
Symbol file LoadedFromMemory doesn't match image D:\unity\Xiphos\My project\Library\PackageCache\com.unity.visualscripting@1.7.8\Editor\VisualScripting.Core\Dependencies\DotNetZip\Unity.VisualScripting.IonicZip.dll
Native extension for WindowsStandalone target not found
Refreshing native plugins compatible for Editor in 2.13 ms, found 3 plugins.
Preloading 0 native plugins for Editor in 0.00 ms.
Mono: successfully reloaded assembly
- Completed reload, in  5.371 seconds
Domain Reload Profiling:
	ReloadAssembly (5375ms)
		BeginReloadAssembly (446ms)
			ExecutionOrderSort (0ms)
			DisableScriptedObjects (26ms)
			BackupInstance (0ms)
			ReleaseScriptingObjects (0ms)
			CreateAndSetChildDomain (223ms)
		EndReloadAssembly (4650ms)
			LoadAssemblies (211ms)
			RebuildTransferFunctionScriptingTraits (0ms)
			SetupTypeCache (733ms)
			ReleaseScriptCaches (4ms)
			RebuildScriptCaches (621ms)
			SetupLoadedEditorAssemblies (2616ms)
				LogAssemblyErrors (0ms)
				InitializePlatformSupportModulesInManaged (41ms)
				SetLoadedEditorAssemblies (4ms)
				RefreshPlugins (2ms)
				BeforeProcessingInitializeOnLoad (202ms)
				ProcessInitializeOnLoadAttributes (2262ms)
				ProcessInitializeOnLoadMethodAttributes (99ms)
				AfterProcessingInitializeOnLoad (6ms)
				EditorAssembliesLoaded (0ms)
			ExecutionOrderSort2 (0ms)
			AwakeInstancesAfterBackupRestoration (16ms)
Platform modules already initialized, skipping
Refreshing native plugins compatible for Editor in 3.99 ms, found 3 plugins.
Preloading 0 native plugins for Editor in 0.00 ms.
Unloading 3380 Unused Serialized files (Serialized files now loaded: 0)
Unloading 18 unused Assets / (55.1 KB). Loaded Objects now: 3946.
Memory consumption went from 131.2 MB to 131.1 MB.
Total: 52.990894 ms (FindLiveObjects: 1.846899 ms CreateObjectMapping: 1.707066 ms MarkObjects: 48.367019 ms  DeleteObjects: 1.066916 ms)

AssetImportParameters requested are different than current active one (requested -> active):
  custom:video-decoder-ogg-theora: a1e56fd34408186e4bbccfd4996cb3dc -> 
  custom:container-muxer-webm: aa71ff27fc2769a1b78a27578f13a17b -> 
  custom:container-demuxer-webm: 4f35f7cbe854078d1ac9338744f61a02 -> 
  custom:video-encoder-webm-vp8: eb34c28f22e8b96e1ab97ce403110664 -> 
  custom:audio-encoder-webm-vorbis: bf7c407c2cedff20999df2af8eb42d56 -> 
  custom:framework-win-MediaFoundation: 216162199b28c13a410421893ffa2e32 -> 
  custom:container-demuxer-ogg: 62fdf1f143b41e24485cea50d1cbac27 -> 
  custom:video-decoder-webm-vp8: 9c59270c3fd7afecdb556c50c9e8de78 -> 
  custom:audio-decoder-ogg-vorbis: bf7c407c2cedff20999df2af8eb42d56 -> 
========================================================================
Received Prepare
Registering precompiled user dll's ...
Registered in 0.006090 seconds.
Begin MonoManager ReloadAssembly
Symbol file LoadedFromMemory doesn't match image D:\unity\Xiphos\My project\Library\PackageCache\com.unity.visualscripting@1.7.8\Editor\VisualScripting.Core\Dependencies\YamlDotNet\Unity.VisualScripting.YamlDotNet.dll
Symbol file LoadedFromMemory doesn't match image D:\unity\Xiphos\My project\Library\PackageCache\com.unity.visualscripting@1.7.8\Editor\VisualScripting.Core\Dependencies\DotNetZip\Unity.VisualScripting.IonicZip.dll
Native extension for WindowsStandalone target not found
Refreshing native plugins compatible for Editor in 1.23 ms, found 3 plugins.
Preloading 0 native plugins for Editor in 0.00 ms.
Mono: successfully reloaded assembly
- Completed reload, in  3.161 seconds
Domain Reload Profiling:
	ReloadAssembly (3162ms)
		BeginReloadAssembly (243ms)
			ExecutionOrderSort (0ms)
			DisableScriptedObjects (16ms)
			BackupInstance (0ms)
			ReleaseScriptingObjects (0ms)
			CreateAndSetChildDomain (61ms)
		EndReloadAssembly (2682ms)
			LoadAssemblies (304ms)
			RebuildTransferFunctionScriptingTraits (0ms)
			SetupTypeCache (465ms)
			ReleaseScriptCaches (2ms)
			RebuildScriptCaches (94ms)
			SetupLoadedEditorAssemblies (1688ms)
				LogAssemblyErrors (0ms)
				InitializePlatformSupportModulesInManaged (32ms)
				SetLoadedEditorAssemblies (2ms)
				RefreshPlugins (1ms)
				BeforeProcessingInitializeOnLoad (682ms)
				ProcessInitializeOnLoadAttributes (827ms)
				ProcessInitializeOnLoadMethodAttributes (139ms)
				AfterProcessingInitializeOnLoad (5ms)
				EditorAssembliesLoaded (0ms)
			ExecutionOrderSort2 (0ms)
			AwakeInstancesAfterBackupRestoration (13ms)
Platform modules already initialized, skipping
Refreshing native plugins compatible for Editor in 2.98 ms, found 3 plugins.
Preloading 0 native plugins for Editor in 0.00 ms.
Unloading 3380 Unused Serialized files (Serialized files now loaded: 0)
Unloading 18 unused Assets / (55.1 KB). Loaded Objects now: 3949.
Memory consumption went from 131.2 MB to 131.1 MB.
Total: 223.071479 ms (FindLiveObjects: 0.459693 ms CreateObjectMapping: 0.319433 ms MarkObjects: 222.156368 ms  DeleteObjects: 0.132135 ms)

AssetImportParameters requested are different than current active one (requested -> active):
  custom:video-decoder-ogg-theora: a1e56fd34408186e4bbccfd4996cb3dc -> 
  custom:container-muxer-webm: aa71ff27fc2769a1b78a27578f13a17b -> 
  custom:container-demuxer-webm: 4f35f7cbe854078d1ac9338744f61a02 -> 
  custom:video-encoder-webm-vp8: eb34c28f22e8b96e1ab97ce403110664 -> 
  custom:audio-encoder-webm-vorbis: bf7c407c2cedff20999df2af8eb42d56 -> 
  custom:framework-win-MediaFoundation: 216162199b28c13a410421893ffa2e32 -> 
  custom:container-demuxer-ogg: 62fdf1f143b41e24485cea50d1cbac27 -> 
  custom:video-decoder-webm-vp8: 9c59270c3fd7afecdb556c50c9e8de78 -> 
  custom:audio-decoder-ogg-vorbis: bf7c407c2cedff20999df2af8eb42d56 -> 
========================================================================
Received Prepare
Registering precompiled user dll's ...
Registered in 0.004597 seconds.
Begin MonoManager ReloadAssembly
Symbol file LoadedFromMemory doesn't match image D:\unity\Xiphos\My project\Library\PackageCache\com.unity.visualscripting@1.7.8\Editor\VisualScripting.Core\Dependencies\YamlDotNet\Unity.VisualScripting.YamlDotNet.dll
Symbol file LoadedFromMemory doesn't match image D:\unity\Xiphos\My project\Library\PackageCache\com.unity.visualscripting@1.7.8\Editor\VisualScripting.Core\Dependencies\DotNetZip\Unity.VisualScripting.IonicZip.dll
Native extension for WindowsStandalone target not found
Refreshing native plugins compatible for Editor in 1.96 ms, found 3 plugins.
Preloading 0 native plugins for Editor in 0.00 ms.
Mono: successfully reloaded assembly
- Completed reload, in  3.633 seconds
Domain Reload Profiling:
	ReloadAssembly (3635ms)
		BeginReloadAssembly (423ms)
			ExecutionOrderSort (0ms)
			DisableScriptedObjects (15ms)
			BackupInstance (0ms)
			ReleaseScriptingObjects (0ms)
			CreateAndSetChildDomain (224ms)
		EndReloadAssembly (2908ms)
			LoadAssemblies (180ms)
			RebuildTransferFunctionScriptingTraits (0ms)
			SetupTypeCache (667ms)
			ReleaseScriptCaches (2ms)
			RebuildScriptCaches (201ms)
			SetupLoadedEditorAssemblies (1462ms)
				LogAssemblyErrors (0ms)
				InitializePlatformSupportModulesInManaged (29ms)
				SetLoadedEditorAssemblies (1ms)
				RefreshPlugins (2ms)
				BeforeProcessingInitializeOnLoad (188ms)
				ProcessInitializeOnLoadAttributes (1133ms)
				ProcessInitializeOnLoadMethodAttributes (103ms)
				AfterProcessingInitializeOnLoad (5ms)
				EditorAssembliesLoaded (0ms)
			ExecutionOrderSort2 (0ms)
			AwakeInstancesAfterBackupRestoration (20ms)
Platform modules already initialized, skipping
Refreshing native plugins compatible for Editor in 3.16 ms, found 3 plugins.
Preloading 0 native plugins for Editor in 0.00 ms.
Unloading 3380 Unused Serialized files (Serialized files now loaded: 0)
Unloading 18 unused Assets / (55.0 KB). Loaded Objects now: 3952.
Memory consumption went from 131.2 MB to 131.1 MB.
Total: 355.759959 ms (FindLiveObjects: 0.858237 ms CreateObjectMapping: 345.368749 ms MarkObjects: 9.284952 ms  DeleteObjects: 0.244600 ms)

AssetImportParameters requested are different than current active one (requested -> active):
  custom:video-decoder-ogg-theora: a1e56fd34408186e4bbccfd4996cb3dc -> 
  custom:container-muxer-webm: aa71ff27fc2769a1b78a27578f13a17b -> 
  custom:container-demuxer-webm: 4f35f7cbe854078d1ac9338744f61a02 -> 
  custom:video-encoder-webm-vp8: eb34c28f22e8b96e1ab97ce403110664 -> 
  custom:audio-encoder-webm-vorbis: bf7c407c2cedff20999df2af8eb42d56 -> 
  custom:framework-win-MediaFoundation: 216162199b28c13a410421893ffa2e32 -> 
  custom:container-demuxer-ogg: 62fdf1f143b41e24485cea50d1cbac27 -> 
  custom:video-decoder-webm-vp8: 9c59270c3fd7afecdb556c50c9e8de78 -> 
  custom:audio-decoder-ogg-vorbis: bf7c407c2cedff20999df2af8eb42d56 -> 
========================================================================
Received Prepare
Registering precompiled user dll's ...
Registered in 0.005239 seconds.
Begin MonoManager ReloadAssembly
Symbol file LoadedFromMemory doesn't match image D:\unity\Xiphos\My project\Library\PackageCache\com.unity.visualscripting@1.7.8\Editor\VisualScripting.Core\Dependencies\YamlDotNet\Unity.VisualScripting.YamlDotNet.dll
Symbol file LoadedFromMemory doesn't match image D:\unity\Xiphos\My project\Library\PackageCache\com.unity.visualscripting@1.7.8\Editor\VisualScripting.Core\Dependencies\DotNetZip\Unity.VisualScripting.IonicZip.dll
Native extension for WindowsStandalone target not found
Refreshing native plugins compatible for Editor in 1.45 ms, found 3 plugins.
Preloading 0 native plugins for Editor in 0.00 ms.
Mono: successfully reloaded assembly
- Completed reload, in  3.448 seconds
Domain Reload Profiling:
	ReloadAssembly (3450ms)
		BeginReloadAssembly (495ms)
			ExecutionOrderSort (0ms)
			DisableScriptedObjects (24ms)
			BackupInstance (0ms)
			ReleaseScriptingObjects (0ms)
			CreateAndSetChildDomain (147ms)
		EndReloadAssembly (2659ms)
			LoadAssemblies (286ms)
			RebuildTransferFunctionScriptingTraits (0ms)
			SetupTypeCache (594ms)
			ReleaseScriptCaches (3ms)
			RebuildScriptCaches (243ms)
			SetupLoadedEditorAssemblies (1394ms)
				LogAssemblyErrors (0ms)
				InitializePlatformSupportModulesInManaged (39ms)
				SetLoadedEditorAssemblies (3ms)
				RefreshPlugins (2ms)
				BeforeProcessingInitializeOnLoad (193ms)
				ProcessInitializeOnLoadAttributes (1058ms)
				ProcessInitializeOnLoadMethodAttributes (95ms)
				AfterProcessingInitializeOnLoad (4ms)
				EditorAssembliesLoaded (1ms)
			ExecutionOrderSort2 (0ms)
			AwakeInstancesAfterBackupRestoration (20ms)
Platform modules already initialized, skipping
Refreshing native plugins compatible for Editor in 7.48 ms, found 3 plugins.
Preloading 0 native plugins for Editor in 0.00 ms.
Unloading 3380 Unused Serialized files (Serialized files now loaded: 0)
Unloading 18 unused Assets / (55.0 KB). Loaded Objects now: 3955.
Memory consumption went from 131.2 MB to 131.2 MB.
Total: 43.012339 ms (FindLiveObjects: 0.599953 ms CreateObjectMapping: 0.778272 ms MarkObjects: 41.475466 ms  DeleteObjects: 0.154799 ms)

AssetImportParameters requested are different than current active one (requested -> active):
  custom:video-decoder-ogg-theora: a1e56fd34408186e4bbccfd4996cb3dc -> 
  custom:container-muxer-webm: aa71ff27fc2769a1b78a27578f13a17b -> 
  custom:container-demuxer-webm: 4f35f7cbe854078d1ac9338744f61a02 -> 
  custom:video-encoder-webm-vp8: eb34c28f22e8b96e1ab97ce403110664 -> 
  custom:audio-encoder-webm-vorbis: bf7c407c2cedff20999df2af8eb42d56 -> 
  custom:framework-win-MediaFoundation: 216162199b28c13a410421893ffa2e32 -> 
  custom:container-demuxer-ogg: 62fdf1f143b41e24485cea50d1cbac27 -> 
  custom:video-decoder-webm-vp8: 9c59270c3fd7afecdb556c50c9e8de78 -> 
  custom:audio-decoder-ogg-vorbis: bf7c407c2cedff20999df2af8eb42d56 -> 
========================================================================
Received Import Request.
  Time since last request: 3122.473967 seconds.
  path: Assets/Download/VillagePack/OldHouse/Materials/VillageHouseWood3.mat
  artifactKey: Guid(4c25ff46585cd004986267bced340add) Importer(815301076,1909f56bfc062723c751e8b465ee728b)
Start importing Assets/Download/VillagePack/OldHouse/Materials/VillageHouseWood3.mat using Guid(4c25ff46585cd004986267bced340add) Importer(815301076,1909f56bfc062723c751e8b465ee728b)  -> (artifact id: '13e2b1881771bbd07f166854e65a2c26') in 0.529402 seconds 
========================================================================
Received Import Request.
  Time since last request: 0.466301 seconds.
  path: Assets/Download/VillagePack/OldHouse/Materials/VHWallsWood.mat
  artifactKey: Guid(37551f1fd1c07e943b166847822ba51b) Importer(815301076,1909f56bfc062723c751e8b465ee728b)
Start importing Assets/Download/VillagePack/OldHouse/Materials/VHWallsWood.mat using Guid(37551f1fd1c07e943b166847822ba51b) Importer(815301076,1909f56bfc062723c751e8b465ee728b)  -> (artifact id: '8fd9fc6027d0d94edb7f1b3acfef6e0d') in 0.237580 seconds 
========================================================================
Received Import Request.
  Time since last request: 0.206864 seconds.
  path: Assets/Download/VillagePack/OldHouse/Materials/VhRoofBeam.mat
  artifactKey: Guid(34d58800be5e8bb4a942977b1a299eb7) Importer(815301076,1909f56bfc062723c751e8b465ee728b)
Start importing Assets/Download/VillagePack/OldHouse/Materials/VhRoofBeam.mat using Guid(34d58800be5e8bb4a942977b1a299eb7) Importer(815301076,1909f56bfc062723c751e8b465ee728b)  -> (artifact id: '331748fe02ba43797a2c4a238c4cd9b6') in 0.156331 seconds 
========================================================================
Received Import Request.
  Time since last request: 1.538458 seconds.
  path: Assets/Download/VillagePack/OldHouse/Materials/VHRoof.mat
  artifactKey: Guid(2629454c7db903744969e6421ba20f74) Importer(815301076,1909f56bfc062723c751e8b465ee728b)
Start importing Assets/Download/VillagePack/OldHouse/Materials/VHRoof.mat using Guid(2629454c7db903744969e6421ba20f74) Importer(815301076,1909f56bfc062723c751e8b465ee728b)  -> (artifact id: '5b7e074dd0277cb83c316a2bc9f0c8fd') in 0.285311 seconds 
========================================================================
Received Import Request.
  Time since last request: 0.305313 seconds.
  path: Assets/Download/VillagePack/OldHouse/Materials/VHFrameWood.mat
  artifactKey: Guid(1156ea62e0e01d24386d2769ecbc417e) Importer(815301076,1909f56bfc062723c751e8b465ee728b)
Start importing Assets/Download/VillagePack/OldHouse/Materials/VHFrameWood.mat using Guid(1156ea62e0e01d24386d2769ecbc417e) Importer(815301076,1909f56bfc062723c751e8b465ee728b)  -> (artifact id: '7010c739b7fd1d64a80f56fff48e8f95') in 0.149641 seconds 
========================================================================
Received Import Request.
  Time since last request: 0.261941 seconds.
  path: Assets/Download/VillagePack/OldHouse/Materials/VHFloor.mat
  artifactKey: Guid(2be569dd1f4f30a409fadcc6b23ac577) Importer(815301076,1909f56bfc062723c751e8b465ee728b)
Start importing Assets/Download/VillagePack/OldHouse/Materials/VHFloor.mat using Guid(2be569dd1f4f30a409fadcc6b23ac577) Importer(815301076,1909f56bfc062723c751e8b465ee728b)  -> (artifact id: '9eb8d24670965418918ab21336ebcc3c') in 0.223141 seconds 
========================================================================
Received Import Request.
  Time since last request: 0.000042 seconds.
  path: Assets/Download/VillagePack/OldHouse/Materials/VHDecorationWood.mat
  artifactKey: Guid(a0baa4a4c92fa774e886efcf717fe9f7) Importer(815301076,1909f56bfc062723c751e8b465ee728b)
Start importing Assets/Download/VillagePack/OldHouse/Materials/VHDecorationWood.mat using Guid(a0baa4a4c92fa774e886efcf717fe9f7) Importer(815301076,1909f56bfc062723c751e8b465ee728b)  -> (artifact id: '6a964fea5a0a86bc1fd39fca620413d5') in 0.263744 seconds 
========================================================================
Received Import Request.
  Time since last request: 0.032705 seconds.
  path: Assets/Download/FreeVegetation-LowPolyNature/FreeVegetation/Materials/Trunk_1.mat
  artifactKey: Guid(94bf847a9b88c60428243d160955ba6f) Importer(815301076,1909f56bfc062723c751e8b465ee728b)
Start importing Assets/Download/FreeVegetation-LowPolyNature/FreeVegetation/Materials/Trunk_1.mat using Guid(94bf847a9b88c60428243d160955ba6f) Importer(815301076,1909f56bfc062723c751e8b465ee728b)  -> (artifact id: '75c67902cbe53fa0593d70bc654a36ac') in 0.034196 seconds 
========================================================================
Received Import Request.
  Time since last request: 0.000035 seconds.
  path: Assets/Download/FreeVegetation-LowPolyNature/FreeVegetation/Materials/TrunkDamage_1.mat
  artifactKey: Guid(23c20ac7f6d472942a1dd905e69fc6f6) Importer(815301076,1909f56bfc062723c751e8b465ee728b)
Start importing Assets/Download/FreeVegetation-LowPolyNature/FreeVegetation/Materials/TrunkDamage_1.mat using Guid(23c20ac7f6d472942a1dd905e69fc6f6) Importer(815301076,1909f56bfc062723c751e8b465ee728b)  -> (artifact id: '7e1700afe412db0133c707d1260fd1ae') in 0.117146 seconds 
========================================================================
Received Import Request.
  Time since last request: 0.087030 seconds.
  path: Assets/Download/FreeVegetation-LowPolyNature/FreeVegetation/Materials/TreeLeaf_1.mat
  artifactKey: Guid(22ae8ca533ae0ff45a92966006a65514) Importer(815301076,1909f56bfc062723c751e8b465ee728b)
Start importing Assets/Download/FreeVegetation-LowPolyNature/FreeVegetation/Materials/TreeLeaf_1.mat using Guid(22ae8ca533ae0ff45a92966006a65514) Importer(815301076,1909f56bfc062723c751e8b465ee728b)  -> (artifact id: '4ab4010f64ff0cc9f817bed735f51143') in 0.126732 seconds 
========================================================================
Received Import Request.
  Time since last request: 11.812893 seconds.
  path: Assets/Download/FreeVegetation-LowPolyNature/Effects/Skybox.mat
  artifactKey: Guid(7c0955a843cac66449fb7754cda3fcdb) Importer(815301076,1909f56bfc062723c751e8b465ee728b)
Start importing Assets/Download/FreeVegetation-LowPolyNature/Effects/Skybox.mat using Guid(7c0955a843cac66449fb7754cda3fcdb) Importer(815301076,1909f56bfc062723c751e8b465ee728b)  -> (artifact id: '766eecb3e95a05ebe31d7a7e6e78c4a0') in 0.145473 seconds 
========================================================================
Received Import Request.
  Time since last request: 0.000263 seconds.
  path: Assets/Download/ExplosiveLLC/SuperCharacterController/Materials/Shiny.mat
  artifactKey: Guid(0ed2a735a8e55a04fb0d00a4317a2440) Importer(815301076,1909f56bfc062723c751e8b465ee728b)
Start importing Assets/Download/ExplosiveLLC/SuperCharacterController/Materials/Shiny.mat using Guid(0ed2a735a8e55a04fb0d00a4317a2440) Importer(815301076,1909f56bfc062723c751e8b465ee728b)  -> (artifact id: 'b47f5d10fce5f89adecdc75f76b40172') in 0.139988 seconds 
========================================================================
Received Import Request.
  Time since last request: 0.000035 seconds.
  path: Assets/TextMesh Pro/Examples & Extras/Materials/Small Crate_diffuse.mat
  artifactKey: Guid(22262639920f43d6be32430e4e58350d) Importer(815301076,1909f56bfc062723c751e8b465ee728b)
Start importing Assets/TextMesh Pro/Examples & Extras/Materials/Small Crate_diffuse.mat using Guid(22262639920f43d6be32430e4e58350d) Importer(815301076,1909f56bfc062723c751e8b465ee728b)  -> (artifact id: '49cdb4c1771311b7c6c1e7ff855b2493') in 0.171685 seconds 
========================================================================
Received Import Request.
  Time since last request: 0.006159 seconds.
  path: Assets/TextMesh Pro/Examples & Extras/Resources/Fonts & Materials/Roboto-Bold SDF.asset
  artifactKey: Guid(5302535af1044152a457ed104f1f4b91) Importer(815301076,1909f56bfc062723c751e8b465ee728b)
Start importing Assets/TextMesh Pro/Examples & Extras/Resources/Fonts & Materials/Roboto-Bold SDF.asset using Guid(5302535af1044152a457ed104f1f4b91) Importer(815301076,1909f56bfc062723c751e8b465ee728b)  -> (artifact id: '52e116270af52b2e0ea0634949b31999') in 0.163625 seconds 
========================================================================
Received Import Request.
  Time since last request: 0.000249 seconds.
  path: Assets/TextMesh Pro/Examples & Extras/Resources/Fonts & Materials/Roboto-Bold SDF - Surface.mat
  artifactKey: Guid(e6b276ec991f467aa14ef1f3cc665993) Importer(815301076,1909f56bfc062723c751e8b465ee728b)
Start importing Assets/TextMesh Pro/Examples & Extras/Resources/Fonts & Materials/Roboto-Bold SDF - Surface.mat using Guid(e6b276ec991f467aa14ef1f3cc665993) Importer(815301076,1909f56bfc062723c751e8b465ee728b)  -> (artifact id: '56400f4ec454856a5327ca6d52154dbd') in 0.500542 seconds 
========================================================================
Received Import Request.
  Time since last request: 0.000041 seconds.
  path: Assets/TextMesh Pro/Examples & Extras/Resources/Fonts & Materials/Roboto-Bold SDF - Drop Shadow.mat
  artifactKey: Guid(b246c4190f4e46ec9352fe15a7b09ce0) Importer(815301076,1909f56bfc062723c751e8b465ee728b)
Start importing Assets/TextMesh Pro/Examples & Extras/Resources/Fonts & Materials/Roboto-Bold SDF - Drop Shadow.mat using Guid(b246c4190f4e46ec9352fe15a7b09ce0) Importer(815301076,1909f56bfc062723c751e8b465ee728b)  -> (artifact id: '8b8e33f86a93ae2e1fd53c3b3aadbdbf') in 0.204140 seconds 
========================================================================
Received Import Request.
  Time since last request: 4.305161 seconds.
  path: Assets/Download/ExplosiveLLC/SuperCharacterController/Materials/RedWall.mat
  artifactKey: Guid(20ca368cb1127764081a598c0618bc5c) Importer(815301076,1909f56bfc062723c751e8b465ee728b)
Start importing Assets/Download/ExplosiveLLC/SuperCharacterController/Materials/RedWall.mat using Guid(20ca368cb1127764081a598c0618bc5c) Importer(815301076,1909f56bfc062723c751e8b465ee728b)  -> (artifact id: '2511a66b8807646bd492eebe61cb8a3e') in 0.132309 seconds 
========================================================================
Received Import Request.
  Time since last request: 0.515771 seconds.
  path: Assets/TextMesh Pro/Examples & Extras/Resources/Fonts & Materials/Oswald Bold SDF.asset
  artifactKey: Guid(0161d805a3764c089bef00bfe00793f5) Importer(815301076,1909f56bfc062723c751e8b465ee728b)
Start importing Assets/TextMesh Pro/Examples & Extras/Resources/Fonts & Materials/Oswald Bold SDF.asset using Guid(0161d805a3764c089bef00bfe00793f5) Importer(815301076,1909f56bfc062723c751e8b465ee728b)  -> (artifact id: '83619e3b99d537bc3ea168c7c502893b') in 0.107597 seconds 
========================================================================
Received Import Request.
  Time since last request: 1.060724 seconds.
  path: Assets/Download/Standard Assets/Environment/TerrainAssets/SurfaceTextures/Materials/MudRockyAlbedoSpecular.mat
  artifactKey: Guid(30d37f5a015af8848bcd0fe7c7a6f504) Importer(815301076,1909f56bfc062723c751e8b465ee728b)
Start importing Assets/Download/Standard Assets/Environment/TerrainAssets/SurfaceTextures/Materials/MudRockyAlbedoSpecular.mat using Guid(30d37f5a015af8848bcd0fe7c7a6f504) Importer(815301076,1909f56bfc062723c751e8b465ee728b)  -> (artifact id: 'cbc4752c0947d060d0a5d74eed28dceb') in 0.133072 seconds 
========================================================================
Received Import Request.
  Time since last request: 4.027960 seconds.
  path: Assets/Download/VIDE/Data/DemoAssets/Materials/MAT_Npc.mat
  artifactKey: Guid(ca2e54b056b4254499d5a422c62034f5) Importer(815301076,1909f56bfc062723c751e8b465ee728b)
Start importing Assets/Download/VIDE/Data/DemoAssets/Materials/MAT_Npc.mat using Guid(ca2e54b056b4254499d5a422c62034f5) Importer(815301076,1909f56bfc062723c751e8b465ee728b)  -> (artifact id: 'b22ca7bc0feeb3ad2626f270c4f52da7') in 0.075227 seconds 
========================================================================
Received Import Request.
  Time since last request: 0.330685 seconds.
  path: Assets/Download/VIDE/Data/DemoAssets/Materials/MAT_Floor.mat
  artifactKey: Guid(60bddb03bd1c9e7429344a03282bf5cc) Importer(815301076,1909f56bfc062723c751e8b465ee728b)
Start importing Assets/Download/VIDE/Data/DemoAssets/Materials/MAT_Floor.mat using Guid(60bddb03bd1c9e7429344a03282bf5cc) Importer(815301076,1909f56bfc062723c751e8b465ee728b)  -> (artifact id: '86cfc3784dabbec2e08874b649d095b9') in 0.135834 seconds 
========================================================================
Received Import Request.
  Time since last request: 1.390001 seconds.
  path: Assets/Download/ExplosiveLLC/SuperCharacterController/Materials/LightBlueWall.mat
  artifactKey: Guid(ee4cbf115a0efc44fb045f5084ab3339) Importer(815301076,1909f56bfc062723c751e8b465ee728b)
Start importing Assets/Download/ExplosiveLLC/SuperCharacterController/Materials/LightBlueWall.mat using Guid(ee4cbf115a0efc44fb045f5084ab3339) Importer(815301076,1909f56bfc062723c751e8b465ee728b)  -> (artifact id: '343fd1cc858f97c24bab5335e4449141') in 0.169060 seconds 
========================================================================
Received Import Request.
  Time since last request: 0.000902 seconds.
  path: Assets/TextMesh Pro/Resources/Fonts & Materials/LiberationSans SDF - Fallback.asset
  artifactKey: Guid(2e498d1c8094910479dc3e1b768306a4) Importer(815301076,1909f56bfc062723c751e8b465ee728b)
Start importing Assets/TextMesh Pro/Resources/Fonts & Materials/LiberationSans SDF - Fallback.asset using Guid(2e498d1c8094910479dc3e1b768306a4) Importer(815301076,1909f56bfc062723c751e8b465ee728b)  -> (artifact id: '0acdee2130716a610ed35d8fe1cdcb68') in 0.090994 seconds 
========================================================================
Received Import Request.
  Time since last request: 0.019098 seconds.
  path: Assets/TextMesh Pro/Resources/Fonts & Materials/LiberationSans SDF.asset
  artifactKey: Guid(8f586378b4e144a9851e7b34d9b748ee) Importer(815301076,1909f56bfc062723c751e8b465ee728b)
Start importing Assets/TextMesh Pro/Resources/Fonts & Materials/LiberationSans SDF.asset using Guid(8f586378b4e144a9851e7b34d9b748ee) Importer(815301076,1909f56bfc062723c751e8b465ee728b)  -> (artifact id: 'a5e9d3d5f38642c66bee0bbf36ab736f') in 0.212003 seconds 
========================================================================
Received Import Request.
  Time since last request: 1.150955 seconds.
  path: Assets/TextMesh Pro/Examples & Extras/Resources/Fonts & Materials/LiberationSans SDF - Overlay.mat
  artifactKey: Guid(9ad269c99dcf42b7aedefd83dd5a7b9d) Importer(815301076,1909f56bfc062723c751e8b465ee728b)
Start importing Assets/TextMesh Pro/Examples & Extras/Resources/Fonts & Materials/LiberationSans SDF - Overlay.mat using Guid(9ad269c99dcf42b7aedefd83dd5a7b9d) Importer(815301076,1909f56bfc062723c751e8b465ee728b)  -> (artifact id: 'fc4ca7688b6abdef6075166d7455cd7b') in 0.133995 seconds 
========================================================================
Received Import Request.
  Time since last request: 0.000038 seconds.
  path: Assets/TextMesh Pro/Resources/Fonts & Materials/LiberationSans SDF - Outline.mat
  artifactKey: Guid(79459efec17a4d00a321bdcc27bbc385) Importer(815301076,1909f56bfc062723c751e8b465ee728b)
Start importing Assets/TextMesh Pro/Resources/Fonts & Materials/LiberationSans SDF - Outline.mat using Guid(79459efec17a4d00a321bdcc27bbc385) Importer(815301076,1909f56bfc062723c751e8b465ee728b)  -> (artifact id: '8a399c2648ed332fc0e1d8b3a49a5817') in 0.177262 seconds 
========================================================================
Received Import Request.
  Time since last request: 0.000677 seconds.
  path: Assets/TextMesh Pro/Examples & Extras/Resources/Fonts & Materials/LiberationSans SDF - Metalic Green.mat
  artifactKey: Guid(8b29aaa3eec7468097ff07adfcf29ac9) Importer(815301076,1909f56bfc062723c751e8b465ee728b)
Start importing Assets/TextMesh Pro/Examples & Extras/Resources/Fonts & Materials/LiberationSans SDF - Metalic Green.mat using Guid(8b29aaa3eec7468097ff07adfcf29ac9) Importer(815301076,1909f56bfc062723c751e8b465ee728b)  -> (artifact id: '3bcd4289e0d8e297cc410de3e3c03a72') in 0.244898 seconds 
========================================================================
Received Import Request.
  Time since last request: 0.000039 seconds.
  path: Assets/TextMesh Pro/Examples & Extras/Resources/Fonts & Materials/LiberationSans SDF - Soft Mask.mat
  artifactKey: Guid(42df1c7856584b6b8db9a509b6b10074) Importer(815301076,1909f56bfc062723c751e8b465ee728b)
Start importing Assets/TextMesh Pro/Examples & Extras/Resources/Fonts & Materials/LiberationSans SDF - Soft Mask.mat using Guid(42df1c7856584b6b8db9a509b6b10074) Importer(815301076,1909f56bfc062723c751e8b465ee728b)  -> (artifact id: '83f187fb3b3218c61dfe5301853c85dd') in 0.290522 seconds 
========================================================================
Received Import Request.
  Time since last request: 1320.725077 seconds.
  path: Assets/TextMesh Pro/Resources/Fonts & Materials/LiberationSans SDF - Drop Shadow.mat
  artifactKey: Guid(e73a58f6e2794ae7b1b7e50b7fb811b0) Importer(815301076,1909f56bfc062723c751e8b465ee728b)
Start importing Assets/TextMesh Pro/Resources/Fonts & Materials/LiberationSans SDF - Drop Shadow.mat using Guid(e73a58f6e2794ae7b1b7e50b7fb811b0) Importer(815301076,1909f56bfc062723c751e8b465ee728b)  -> (artifact id: 'fecfda9fb4e868f98e56346c243396d1') in 0.121021 seconds 
========================================================================
Received Import Request.
  Time since last request: 0.000351 seconds.
  path: Assets/TextMesh Pro/Examples & Extras/Materials/Ground - Surface Shader Scene.mat
  artifactKey: Guid(aadd5a709a48466c887296bb5b1b8110) Importer(815301076,1909f56bfc062723c751e8b465ee728b)
Start importing Assets/TextMesh Pro/Examples & Extras/Materials/Ground - Surface Shader Scene.mat using Guid(aadd5a709a48466c887296bb5b1b8110) Importer(815301076,1909f56bfc062723c751e8b465ee728b)  -> (artifact id: '5d787f9e905cfa200ea298c46cb4c608') in 0.075065 seconds 
========================================================================
Received Import Request.
  Time since last request: 0.088660 seconds.
  path: Assets/TextMesh Pro/Examples & Extras/Materials/Ground - Logo Scene.mat
  artifactKey: Guid(c719e38f25a9480abd2480ab621a2949) Importer(815301076,1909f56bfc062723c751e8b465ee728b)
Start importing Assets/TextMesh Pro/Examples & Extras/Materials/Ground - Logo Scene.mat using Guid(c719e38f25a9480abd2480ab621a2949) Importer(815301076,1909f56bfc062723c751e8b465ee728b)  -> (artifact id: '60f8168cabc89d9b05a42427b6f967a6') in 0.055504 seconds 
========================================================================
Received Import Request.
  Time since last request: 0.179456 seconds.
  path: Assets/TextMesh Pro/Examples & Extras/Fonts/Roboto-Bold.ttf
  artifactKey: Guid(4beb055f07aaff244873dec698d0363e) Importer(815301076,1909f56bfc062723c751e8b465ee728b)
Start importing Assets/TextMesh Pro/Examples & Extras/Fonts/Roboto-Bold.ttf using Guid(4beb055f07aaff244873dec698d0363e) Importer(815301076,1909f56bfc062723c751e8b465ee728b)  -> (artifact id: '02f691fcd04daa8e5231d216c74a6566') in 0.128500 seconds 
========================================================================
Received Import Request.
  Time since last request: 0.000519 seconds.
  path: Assets/TextMesh Pro/Examples & Extras/Fonts/Electronic Highway Sign.TTF
  artifactKey: Guid(8a2b9e2a607dd2143b58c44bc32410b4) Importer(815301076,1909f56bfc062723c751e8b465ee728b)
Start importing Assets/TextMesh Pro/Examples & Extras/Fonts/Electronic Highway Sign.TTF using Guid(8a2b9e2a607dd2143b58c44bc32410b4) Importer(815301076,1909f56bfc062723c751e8b465ee728b)  -> (artifact id: 'dfd284e5b1a8e15a9d5f3996cc27e8f9') in 0.254537 seconds 
========================================================================
Received Import Request.
  Time since last request: 0.000352 seconds.
  path: Assets/TextMesh Pro/Fonts/LiberationSans.ttf
  artifactKey: Guid(e3265ab4bf004d28a9537516768c1c75) Importer(815301076,1909f56bfc062723c751e8b465ee728b)
Start importing Assets/TextMesh Pro/Fonts/LiberationSans.ttf using Guid(e3265ab4bf004d28a9537516768c1c75) Importer(815301076,1909f56bfc062723c751e8b465ee728b)  -> (artifact id: 'f3bd036785823e2281556a384dd6489b') in 0.289532 seconds 
========================================================================
Received Import Request.
  Time since last request: 0.000040 seconds.
  path: Assets/TextMesh Pro/Examples & Extras/Fonts/Bangers.ttf
  artifactKey: Guid(5dd49b3eacc540408c98eee0de38e0f1) Importer(815301076,1909f56bfc062723c751e8b465ee728b)
Start importing Assets/TextMesh Pro/Examples & Extras/Fonts/Bangers.ttf using Guid(5dd49b3eacc540408c98eee0de38e0f1) Importer(815301076,1909f56bfc062723c751e8b465ee728b)  -> (artifact id: '3f411dc487d862051c8615ed2fedf126') in 0.276895 seconds 
========================================================================
Received Import Request.
  Time since last request: 0.101920 seconds.
  path: Assets/TextMesh Pro/Examples & Extras/Fonts/Anton.ttf
  artifactKey: Guid(997a43b767814dd0a7642ec9b78cba41) Importer(815301076,1909f56bfc062723c751e8b465ee728b)
Start importing Assets/TextMesh Pro/Examples & Extras/Fonts/Anton.ttf using Guid(997a43b767814dd0a7642ec9b78cba41) Importer(815301076,1909f56bfc062723c751e8b465ee728b)  -> (artifact id: 'af4d2d9d0a8fedf6df347aa7694e6c93') in 0.123646 seconds 
========================================================================
Received Import Request.
  Time since last request: 0.334781 seconds.
  path: Assets/TextMesh Pro/Examples & Extras/Fonts/Oswald-Bold.ttf
  artifactKey: Guid(c9f6d0e7bc8541498c9a4799ba184ede) Importer(815301076,1909f56bfc062723c751e8b465ee728b)
Start importing Assets/TextMesh Pro/Examples & Extras/Fonts/Oswald-Bold.ttf using Guid(c9f6d0e7bc8541498c9a4799ba184ede) Importer(815301076,1909f56bfc062723c751e8b465ee728b)  -> (artifact id: 'c39f9c91bf5165c219272e3d19e471cd') in 0.088023 seconds 
========================================================================
Received Prepare
Registering precompiled user dll's ...
Registered in 0.009130 seconds.
Begin MonoManager ReloadAssembly
Symbol file LoadedFromMemory doesn't match image D:\unity\Xiphos\My project\Library\PackageCache\com.unity.visualscripting@1.7.8\Editor\VisualScripting.Core\Dependencies\YamlDotNet\Unity.VisualScripting.YamlDotNet.dll
Symbol file LoadedFromMemory doesn't match image D:\unity\Xiphos\My project\Library\PackageCache\com.unity.visualscripting@1.7.8\Editor\VisualScripting.Core\Dependencies\DotNetZip\Unity.VisualScripting.IonicZip.dll
Native extension for WindowsStandalone target not found
Refreshing native plugins compatible for Editor in 4.45 ms, found 3 plugins.
Preloading 0 native plugins for Editor in 0.00 ms.
Mono: successfully reloaded assembly
- Completed reload, in 10.445 seconds
Domain Reload Profiling:
	ReloadAssembly (10448ms)
		BeginReloadAssembly (1675ms)
			ExecutionOrderSort (0ms)
			DisableScriptedObjects (99ms)
			BackupInstance (0ms)
			ReleaseScriptingObjects (16ms)
			CreateAndSetChildDomain (548ms)
		EndReloadAssembly (7983ms)
			LoadAssemblies (1036ms)
			RebuildTransferFunctionScriptingTraits (0ms)
			SetupTypeCache (2521ms)
			ReleaseScriptCaches (39ms)
			RebuildScriptCaches (663ms)
			SetupLoadedEditorAssemblies (3558ms)
				LogAssemblyErrors (0ms)
				InitializePlatformSupportModulesInManaged (112ms)
				SetLoadedEditorAssemblies (2ms)
				RefreshPlugins (5ms)
				BeforeProcessingInitializeOnLoad (795ms)
				ProcessInitializeOnLoadAttributes (2197ms)
				ProcessInitializeOnLoadMethodAttributes (440ms)
				AfterProcessingInitializeOnLoad (6ms)
				EditorAssembliesLoaded (1ms)
			ExecutionOrderSort2 (0ms)
			AwakeInstancesAfterBackupRestoration (34ms)
Platform modules already initialized, skipping
Refreshing native plugins compatible for Editor in 9.28 ms, found 3 plugins.
Preloading 0 native plugins for Editor in 0.00 ms.
Unloading 3380 Unused Serialized files (Serialized files now loaded: 0)
Unloading 18 unused Assets / (55.1 KB). Loaded Objects now: 3959.
Memory consumption went from 131.3 MB to 131.2 MB.
Total: 29.531562 ms (FindLiveObjects: 17.025762 ms CreateObjectMapping: 1.024582 ms MarkObjects: 11.009551 ms  DeleteObjects: 0.464825 ms)

AssetImportParameters requested are different than current active one (requested -> active):
  custom:video-decoder-ogg-theora: a1e56fd34408186e4bbccfd4996cb3dc -> 
  custom:container-muxer-webm: aa71ff27fc2769a1b78a27578f13a17b -> 
  custom:container-demuxer-webm: 4f35f7cbe854078d1ac9338744f61a02 -> 
  custom:video-encoder-webm-vp8: eb34c28f22e8b96e1ab97ce403110664 -> 
  custom:audio-encoder-webm-vorbis: bf7c407c2cedff20999df2af8eb42d56 -> 
  custom:framework-win-MediaFoundation: 216162199b28c13a410421893ffa2e32 -> 
  custom:container-demuxer-ogg: 62fdf1f143b41e24485cea50d1cbac27 -> 
  custom:video-decoder-webm-vp8: 9c59270c3fd7afecdb556c50c9e8de78 -> 
  custom:audio-decoder-ogg-vorbis: bf7c407c2cedff20999df2af8eb42d56 -> 
